#
# A fatal error has been detected by the Java Runtime Environment:
#
#  SIGSEGV (0xb) at pc=0x00007f4d1f23deb4, pid=4119, tid=0x00007f4d007f7700
#
# JRE version: OpenJDK Runtime Environment (8.0_152-b01) (build 1.8.0_152-release-915-b01)
# Java VM: OpenJDK 64-Bit Server VM (25.152-b01 mixed mode linux-amd64 compressed oops)
# Problematic frame:
# V  [libjvm.so+0x80feb4]  ProjNode::size_of() const+0x4
#
# Failed to write core dump. Core dumps have been disabled. To enable core dumping, try "ulimit -c unlimited" before starting Java again
#
# If you would like to submit a bug report, please visit:
#   http://bugreport.java.com/bugreport/crash.jsp
#

---------------  T H R E A D  ---------------

Current thread (0x00007f4d180b8800):  JavaThread "C2 CompilerThread0" daemon [_thread_in_native, id=4131, stack(0x00007f4d006f7000,0x00007f4d007f8000)]

siginfo: si_signo: 11 (SIGSEGV), si_code: 2 (SEGV_ACCERR), si_addr: 0x00007f4d1f8a2070

Registers:
RAX=0x00007f4d1f8a2070, RBX=0x00007f4d007f4680, RCX=0x00007f4d1fb4a2c0, RDX=0x00007f4d007f7a20
RSP=0x00007f4d007f3988, RBP=0x00007f4d007f39d0, RSI=0x0000000000000001, RDI=0x00007f4ce0948660
R8 =0x00000000000000c0, R9 =0x00007f4d007f4680, R10=0x00007f4d007f6158, R11=0x00007f4cac448de0
R12=0x00007f4d007f3a10, R13=0x00007f4d007f5fc0, R14=0x0000000000000000, R15=0x00007f4ce0948660
RIP=0x00007f4d1f23deb4, EFLAGS=0x0000000000010a02, CSGSFS=0x0000000000000033, ERR=0x0000000000000007
  TRAPNO=0x000000000000000e

Top of Stack: (sp=0x00007f4d007f3988)
0x00007f4d007f3988:   00007f4d1f255159 00007f4d000000c0
0x00007f4d007f3998:   00007f4d007f4680 00007f4d007f3b00
0x00007f4d007f39a8:   00007f4d007f4680 00007f4d007f3a10
0x00007f4d007f39b8:   00007f4ce0948660 0000000000000000
0x00007f4d007f39c8:   00000000ffffffff 00007f4d007f3a60
0x00007f4d007f39d8:   00007f4d1f1e83ec 0000000000000001
0x00007f4d007f39e8:   00007f4d1ecfabd3 00007f4d007f46a0
0x00007f4d007f39f8:   00007f4d007f5038 00007f4d007f5fc0
0x00007f4d007f3a08:   0000000000000006 00007f4ce02e86e0
0x00007f4d007f3a18:   00007f4ce02eaf90 00007f4ce02e8410
0x00007f4d007f3a28:   00007f4d180b8e10 00007f4d007f3a60
0x00007f4d007f3a38:   00000000000000ae 00007f4d007f4680
0x00007f4d007f3a48:   00007f4ce0f11110 00007f4d007f5fc0
0x00007f4d007f3a58:   000000000000000d 00007f4d007f3b00
0x00007f4d007f3a68:   00007f4d1f1ec268 00007f4cac3ef6d0
0x00007f4d007f3a78:   00007f4d007f5fc0 00007f4d007f3ab0
0x00007f4d007f3a88:   00007f4cac3ef478 00007f4ce034dbc0
0x00007f4d007f3a98:   00007f4d007f6188 0000000000100000
0x00007f4d007f3aa8:   0000000000000000 0000000000000000
0x00007f4d007f3ab8:   0000000000000000 0000000000000000
0x00007f4d007f3ac8:   00007f4d007f5008 00007f4d007f3b00
0x00007f4d007f3ad8:   00007f4d007f4680 00007f4d007f3ce0
0x00007f4d007f3ae8:   00007f4d007f5450 00007f4cac3ef6d0
0x00007f4d007f3af8:   00007f4d007f5fc0 00007f4d007f5340
0x00007f4d007f3b08:   00007f4d1ee9601d 0000000000000000
0x00007f4d007f3b18:   00007f4d007f5fc8 0000000000000007
0x00007f4d007f3b28:   00007f4d007f5fc0 00007f4ce0158de0
0x00007f4d007f3b38:   00007f4ce015b270 0000000000000008
0x00007f4d007f3b48:   00007f4d180b8e10 00007f4ce045f910
0x00007f4d007f3b58:   0000000000000004 0000000000000004
0x00007f4d007f3b68:   00007f4d007f6158 00007f4d007f4680
0x00007f4d007f3b78:   0000000000000040 00007f4d007f6158 

Instructions: (pc=0x00007f4d1f23deb4)
0x00007f4d1f23de94:   56 30 39 57 30 48 89 e5 74 02 5d c3 0f b6 47 34
0x00007f4d1f23dea4:   38 46 34 5d 0f 94 c0 0f b6 c0 c3 90 55 b8 38 00
0x00007f4d1f23deb4:   00 00 48 89 e5 5d c3 90 0f 1f 40 00 55 8b 57 30
0x00007f4d1f23dec4:   48 8b 47 08 48 89 e5 85 d2 48 8b 00 74 0e 31 c0 

Register to memory mapping:

RAX=0x00007f4d1f8a2070: <offset 0xe74070> in /usr/local/android-studio/jre/jre/lib/amd64/server/libjvm.so at 0x00007f4d1ea2e000
RBX=0x00007f4d007f4680 is pointing into the stack for thread: 0x00007f4d180b8800
RCX=0x00007f4d1fb4a2c0: <offset 0x2182c0> in /lib/x86_64-linux-gnu/libpthread.so.0 at 0x00007f4d1f932000
RDX=0x00007f4d007f7a20 is pointing into the stack for thread: 0x00007f4d180b8800
RSP=0x00007f4d007f3988 is pointing into the stack for thread: 0x00007f4d180b8800
RBP=0x00007f4d007f39d0 is pointing into the stack for thread: 0x00007f4d180b8800
RSI=0x0000000000000001 is an unknown value
RDI=0x00007f4ce0948660 is an unknown value
R8 =0x00000000000000c0 is an unknown value
R9 =0x00007f4d007f4680 is pointing into the stack for thread: 0x00007f4d180b8800
R10=0x00007f4d007f6158 is pointing into the stack for thread: 0x00007f4d180b8800
R11=0x00007f4cac448de0 is an unknown value
R12=0x00007f4d007f3a10 is pointing into the stack for thread: 0x00007f4d180b8800
R13=0x00007f4d007f5fc0 is pointing into the stack for thread: 0x00007f4d180b8800
R14=0x0000000000000000 is an unknown value
R15=0x00007f4ce0948660 is an unknown value


Stack: [0x00007f4d006f7000,0x00007f4d007f8000],  sp=0x00007f4d007f3988,  free space=1010k
Native frames: (J=compiled Java code, j=interpreted, Vv=VM code, C=native code)
V  [libjvm.so+0x80feb4]  ProjNode::size_of() const+0x4
V  [libjvm.so+0x7ba3ec]  Matcher::xform(Node*, int)+0x76c
V  [libjvm.so+0x7be268]  Matcher::match()+0x9d8
V  [libjvm.so+0x46801d]  Compile::Code_Gen()+0x10d
V  [libjvm.so+0x46945e]  Compile::Compile(ciEnv*, C2Compiler*, ciMethod*, int, bool, bool, bool)+0x113e
V  [libjvm.so+0x3c6038]  C2Compiler::compile_method(ciEnv*, ciMethod*, int)+0x1c8
V  [libjvm.so+0x471ad2]  CompileBroker::invoke_compiler_on_method(CompileTask*)+0x8b2
V  [libjvm.so+0x472988]  CompileBroker::compiler_thread_loop()+0x4e8
V  [libjvm.so+0x996db8]  JavaThread::thread_main_inner()+0xd8
V  [libjvm.so+0x84e792]  java_start(Thread*)+0xf2
C  [libpthread.so.0+0x76ba]  start_thread+0xca


Current CompileTask:
C2:   6354 3762   !   4       java.lang.ref.ReferenceQueue::poll (28 bytes)


---------------  P R O C E S S  ---------------

Java Threads: ( => current thread )
  0x00007f4cac4bd000 JavaThread "build operations Thread 4" [_thread_blocked, id=4155, stack(0x00007f4cc903c000,0x00007f4cc913d000)]
  0x00007f4cac4bb800 JavaThread "build operations Thread 3" [_thread_blocked, id=4154, stack(0x00007f4cc913d000,0x00007f4cc923e000)]
  0x00007f4cac11b000 JavaThread "build operations Thread 2" [_thread_blocked, id=4153, stack(0x00007f4cc923e000,0x00007f4cc933f000)]
  0x00007f4cac119000 JavaThread "build operations" [_thread_blocked, id=4152, stack(0x00007f4cc933f000,0x00007f4cc9440000)]
  0x00007f4cacb09000 JavaThread "Cache worker for Artifact transforms cache (/home/vittal/.gradle/caches/transforms-1)" [_thread_blocked, id=4151, stack(0x00007f4cc9cbe000,0x00007f4cc9dbf000)]
  0x00007f4cac304000 JavaThread "Cache worker for file hash cache (/media/vittal/E/Work/AndroidSample/StudentAttendance/.gradle/4.1/fileHashes)" [_thread_blocked, id=4150, stack(0x00007f4cca4ff000,0x00007f4cca600000)]
  0x00007f4cac120000 JavaThread "File lock request listener" [_thread_in_native, id=4149, stack(0x00007f4cca800000,0x00007f4cca901000)]
  0x00007f4cac122000 JavaThread "Cache worker for file hash cache (/home/vittal/.gradle/caches/4.1/fileHashes)" [_thread_blocked, id=4148, stack(0x00007f4cca901000,0x00007f4ccaa02000)]
  0x00007f4cac010800 JavaThread "Stdin handler" [_thread_blocked, id=4147, stack(0x00007f4ccac02000,0x00007f4ccad03000)]
  0x00007f4cac003800 JavaThread "Asynchronous log dispatcher for DefaultDaemonConnection: socket connection from /127.0.0.1:39285 to /127.0.0.1:51092" [_thread_blocked, id=4146, stack(0x00007f4ccad03000,0x00007f4ccae04000)]
  0x00007f4cc0008000 JavaThread "Daemon worker" [_thread_in_native, id=4143, stack(0x00007f4ccae04000,0x00007f4ccaf05000)]
  0x00007f4cc0006800 JavaThread "Cancel handler" [_thread_blocked, id=4142, stack(0x00007f4ccaf05000,0x00007f4ccb006000)]
  0x00007f4cc0001800 JavaThread "Handler for socket connection from /127.0.0.1:39285 to /127.0.0.1:51092" [_thread_in_native, id=4141, stack(0x00007f4ccb006000,0x00007f4ccb107000)]
  0x00007f4cc4044800 JavaThread "Daemon" [_thread_blocked, id=4140, stack(0x00007f4ccb107000,0x00007f4ccb208000)]
  0x00007f4d18c59800 JavaThread "Daemon periodic checks" [_thread_blocked, id=4139, stack(0x00007f4ccb208000,0x00007f4ccb309000)]
  0x00007f4d18c45000 JavaThread "Incoming local TCP Connector on port 39285" [_thread_in_native, id=4138, stack(0x00007f4ccb310000,0x00007f4ccb411000)]
  0x00007f4d180d2800 JavaThread "Service Thread" daemon [_thread_blocked, id=4134, stack(0x00007f4d003f4000,0x00007f4d004f5000)]
  0x00007f4d180bd000 JavaThread "C1 CompilerThread2" daemon [_thread_blocked, id=4133, stack(0x00007f4d004f5000,0x00007f4d005f6000)]
  0x00007f4d180bb800 JavaThread "C2 CompilerThread1" daemon [_thread_blocked, id=4132, stack(0x00007f4d005f6000,0x00007f4d006f7000)]
=>0x00007f4d180b8800 JavaThread "C2 CompilerThread0" daemon [_thread_in_native, id=4131, stack(0x00007f4d006f7000,0x00007f4d007f8000)]
  0x00007f4d180b7000 JavaThread "Signal Dispatcher" daemon [_thread_blocked, id=4130, stack(0x00007f4d007f8000,0x00007f4d008f9000)]
  0x00007f4d18084800 JavaThread "Finalizer" daemon [_thread_blocked, id=4129, stack(0x00007f4d008f9000,0x00007f4d009fa000)]
  0x00007f4d18080000 JavaThread "Reference Handler" daemon [_thread_blocked, id=4128, stack(0x00007f4d009fa000,0x00007f4d00afb000)]
  0x00007f4d1800a800 JavaThread "main" [_thread_blocked, id=4121, stack(0x00007f4d20431000,0x00007f4d20532000)]

Other Threads:
  0x00007f4d18078000 VMThread [stack: 0x00007f4d00afb000,0x00007f4d00bfc000] [id=4127]
  0x00007f4d180d4800 WatcherThread [stack: 0x00007f4d002f3000,0x00007f4d003f4000] [id=4135]

VM state:not at safepoint (normal execution)

VM Mutex/Monitor currently owned by a thread: None

Heap:
 PSYoungGen      total 132096K, used 81255K [0x00000000e0000000, 0x00000000ee900000, 0x0000000100000000)
  eden space 126976K, 59% used [0x00000000e0000000,0x00000000e4a61df8,0x00000000e7c00000)
  from space 5120K, 99% used [0x00000000e7c00000,0x00000000e80f8030,0x00000000e8100000)
  to   space 15360K, 0% used [0x00000000eda00000,0x00000000eda00000,0x00000000ee900000)
 ParOldGen       total 56832K, used 14859K [0x00000000a0000000, 0x00000000a3780000, 0x00000000e0000000)
  object space 56832K, 26% used [0x00000000a0000000,0x00000000a0e82f30,0x00000000a3780000)
 Metaspace       used 34537K, capacity 35348K, committed 35416K, reserved 1079296K
  class space    used 4660K, capacity 4960K, committed 4992K, reserved 1048576K

Card table byte_map: [0x00007f4d1cfbf000,0x00007f4d1d2c0000] byte_map_base: 0x00007f4d1cabf000

Marking Bits: (ParMarkBitMap*) 0x00007f4d1f9033e0
 Begin Bits: [0x00007f4d01000000, 0x00007f4d02800000)
 End Bits:   [0x00007f4d02800000, 0x00007f4d04000000)

Polling page: 0x00007f4d20556000

CodeCache: size=245760Kb used=13353Kb max_used=13358Kb free=232406Kb
 bounds [0x00007f4d09000000, 0x00007f4d09d20000, 0x00007f4d18000000]
 total_blobs=4390 nmethods=3709 adapters=594
 compilation: enabled

Compilation events (10 events):
Event: 6.327 Thread 0x00007f4d180b8800 3746       4       org.objectweb.asm.Item::<init> (66 bytes)
Event: 6.327 Thread 0x00007f4d180bd000 3760   !   3       org.gradle.internal.classloader.FilteringClassLoader::loadClass (62 bytes)
Event: 6.328 Thread 0x00007f4d180bd000 nmethod 3760 0x00007f4d09d04ed0 code [0x00007f4d09d05100, 0x00007f4d09d05cb8]
Event: 6.328 Thread 0x00007f4d180bd000 3759       1       com.google.common.cache.LocalCache$2::poll (2 bytes)
Event: 6.328 Thread 0x00007f4d180b8800 nmethod 3746 0x00007f4d09cfa7d0 code [0x00007f4d09cfa920, 0x00007f4d09cfa9d8]
Event: 6.328 Thread 0x00007f4d180bd000 nmethod 3759 0x00007f4d09cfc7d0 code [0x00007f4d09cfc920, 0x00007f4d09cfca30]
Event: 6.334 Thread 0x00007f4d180bb800 nmethod 3737 0x00007f4d09d111d0 code [0x00007f4d09d11400, 0x00007f4d09d122c8]
Event: 6.337 Thread 0x00007f4d180bd000 3761  s    3       java.io.ExpiringCache::get (39 bytes)
Event: 6.337 Thread 0x00007f4d180bd000 nmethod 3761 0x00007f4d09d14910 code [0x00007f4d09d14aa0, 0x00007f4d09d14ed8]
Event: 6.352 Thread 0x00007f4d180b8800 3762   !   4       java.lang.ref.ReferenceQueue::poll (28 bytes)

GC Heap History (10 events):
Event: 1.459 GC heap before
{Heap before GC invocations=2 (full 0):
 PSYoungGen      total 36864K, used 35625K [0x00000000e0000000, 0x00000000e4800000, 0x0000000100000000)
  eden space 31744K, 100% used [0x00000000e0000000,0x00000000e1f00000,0x00000000e1f00000)
  from space 5120K, 75% used [0x00000000e1f00000,0x00000000e22ca440,0x00000000e2400000)
  to   space 5120K, 0% used [0x00000000e4300000,0x00000000e4300000,0x00000000e4800000)
 ParOldGen       total 84992K, used 8K [0x00000000a0000000, 0x00000000a5300000, 0x00000000e0000000)
  object space 84992K, 0% used [0x00000000a0000000,0x00000000a0002000,0x00000000a5300000)
 Metaspace       used 11634K, capacity 11986K, committed 12288K, reserved 1060864K
  class space    used 1556K, capacity 1669K, committed 1792K, reserved 1048576K
Event: 1.468 GC heap after
Heap after GC invocations=2 (full 0):
 PSYoungGen      total 68608K, used 5100K [0x00000000e0000000, 0x00000000e4800000, 0x0000000100000000)
  eden space 63488K, 0% used [0x00000000e0000000,0x00000000e0000000,0x00000000e3e00000)
  from space 5120K, 99% used [0x00000000e4300000,0x00000000e47fb2d0,0x00000000e4800000)
  to   space 5120K, 0% used [0x00000000e3e00000,0x00000000e3e00000,0x00000000e4300000)
 ParOldGen       total 84992K, used 624K [0x00000000a0000000, 0x00000000a5300000, 0x00000000e0000000)
  object space 84992K, 0% used [0x00000000a0000000,0x00000000a009c230,0x00000000a5300000)
 Metaspace       used 11634K, capacity 11986K, committed 12288K, reserved 1060864K
  class space    used 1556K, capacity 1669K, committed 1792K, reserved 1048576K
}
Event: 2.636 GC heap before
{Heap before GC invocations=3 (full 0):
 PSYoungGen      total 68608K, used 68588K [0x00000000e0000000, 0x00000000e4800000, 0x0000000100000000)
  eden space 63488K, 100% used [0x00000000e0000000,0x00000000e3e00000,0x00000000e3e00000)
  from space 5120K, 99% used [0x00000000e4300000,0x00000000e47fb2d0,0x00000000e4800000)
  to   space 5120K, 0% used [0x00000000e3e00000,0x00000000e3e00000,0x00000000e4300000)
 ParOldGen       total 84992K, used 624K [0x00000000a0000000, 0x00000000a5300000, 0x00000000e0000000)
  object space 84992K, 0% used [0x00000000a0000000,0x00000000a009c230,0x00000000a5300000)
 Metaspace       used 20360K, capacity 20746K, committed 20992K, reserved 1067008K
  class space    used 2836K, capacity 3002K, committed 3072K, reserved 1048576K
Event: 2.648 GC heap after
Heap after GC invocations=3 (full 0):
 PSYoungGen      total 68608K, used 5088K [0x00000000e0000000, 0x00000000e8600000, 0x0000000100000000)
  eden space 63488K, 0% used [0x00000000e0000000,0x00000000e0000000,0x00000000e3e00000)
  from space 5120K, 99% used [0x00000000e3e00000,0x00000000e42f8020,0x00000000e4300000)
  to   space 5120K, 0% used [0x00000000e8100000,0x00000000e8100000,0x00000000e8600000)
 ParOldGen       total 84992K, used 8079K [0x00000000a0000000, 0x00000000a5300000, 0x00000000e0000000)
  object space 84992K, 9% used [0x00000000a0000000,0x00000000a07e3d48,0x00000000a5300000)
 Metaspace       used 20360K, capacity 20746K, committed 20992K, reserved 1067008K
  class space    used 2836K, capacity 3002K, committed 3072K, reserved 1048576K
}
Event: 2.721 GC heap before
{Heap before GC invocations=4 (full 0):
 PSYoungGen      total 68608K, used 10550K [0x00000000e0000000, 0x00000000e8600000, 0x0000000100000000)
  eden space 63488K, 8% used [0x00000000e0000000,0x00000000e05559c8,0x00000000e3e00000)
  from space 5120K, 99% used [0x00000000e3e00000,0x00000000e42f8020,0x00000000e4300000)
  to   space 5120K, 0% used [0x00000000e8100000,0x00000000e8100000,0x00000000e8600000)
 ParOldGen       total 84992K, used 8079K [0x00000000a0000000, 0x00000000a5300000, 0x00000000e0000000)
  object space 84992K, 9% used [0x00000000a0000000,0x00000000a07e3d48,0x00000000a5300000)
 Metaspace       used 20758K, capacity 21194K, committed 21248K, reserved 1067008K
  class space    used 2883K, capacity 3066K, committed 3072K, reserved 1048576K
Event: 2.728 GC heap after
Heap after GC invocations=4 (full 0):
 PSYoungGen      total 132096K, used 5104K [0x00000000e0000000, 0x00000000e8600000, 0x0000000100000000)
  eden space 126976K, 0% used [0x00000000e0000000,0x00000000e0000000,0x00000000e7c00000)
  from space 5120K, 99% used [0x00000000e8100000,0x00000000e85fc030,0x00000000e8600000)
  to   space 5120K, 0% used [0x00000000e7c00000,0x00000000e7c00000,0x00000000e8100000)
 ParOldGen       total 84992K, used 8639K [0x00000000a0000000, 0x00000000a5300000, 0x00000000e0000000)
  object space 84992K, 10% used [0x00000000a0000000,0x00000000a086ffc0,0x00000000a5300000)
 Metaspace       used 20758K, capacity 21194K, committed 21248K, reserved 1067008K
  class space    used 2883K, capacity 3066K, committed 3072K, reserved 1048576K
}
Event: 2.728 GC heap before
{Heap before GC invocations=5 (full 1):
 PSYoungGen      total 132096K, used 5104K [0x00000000e0000000, 0x00000000e8600000, 0x0000000100000000)
  eden space 126976K, 0% used [0x00000000e0000000,0x00000000e0000000,0x00000000e7c00000)
  from space 5120K, 99% used [0x00000000e8100000,0x00000000e85fc030,0x00000000e8600000)
  to   space 5120K, 0% used [0x00000000e7c00000,0x00000000e7c00000,0x00000000e8100000)
 ParOldGen       total 84992K, used 8639K [0x00000000a0000000, 0x00000000a5300000, 0x00000000e0000000)
  object space 84992K, 10% used [0x00000000a0000000,0x00000000a086ffc0,0x00000000a5300000)
 Metaspace       used 20758K, capacity 21194K, committed 21248K, reserved 1067008K
  class space    used 2883K, capacity 3066K, committed 3072K, reserved 1048576K
Event: 2.769 GC heap after
Heap after GC invocations=5 (full 1):
 PSYoungGen      total 132096K, used 0K [0x00000000e0000000, 0x00000000e8600000, 0x0000000100000000)
  eden space 126976K, 0% used [0x00000000e0000000,0x00000000e0000000,0x00000000e7c00000)
  from space 5120K, 0% used [0x00000000e8100000,0x00000000e8100000,0x00000000e8600000)
  to   space 5120K, 0% used [0x00000000e7c00000,0x00000000e7c00000,0x00000000e8100000)
 ParOldGen       total 56832K, used 7636K [0x00000000a0000000, 0x00000000a3780000, 0x00000000e0000000)
  object space 56832K, 13% used [0x00000000a0000000,0x00000000a0775058,0x00000000a3780000)
 Metaspace       used 20758K, capacity 21194K, committed 21248K, reserved 1067008K
  class space    used 2883K, capacity 3066K, committed 3072K, reserved 1048576K
}
Event: 4.575 GC heap before
{Heap before GC invocations=6 (full 1):
 PSYoungGen      total 132096K, used 126976K [0x00000000e0000000, 0x00000000e8600000, 0x0000000100000000)
  eden space 126976K, 100% used [0x00000000e0000000,0x00000000e7c00000,0x00000000e7c00000)
  from space 5120K, 0% used [0x00000000e8100000,0x00000000e8100000,0x00000000e8600000)
  to   space 5120K, 0% used [0x00000000e7c00000,0x00000000e7c00000,0x00000000e8100000)
 ParOldGen       total 56832K, used 7636K [0x00000000a0000000, 0x00000000a3780000, 0x00000000e0000000)
  object space 56832K, 13% used [0x00000000a0000000,0x00000000a0775058,0x00000000a3780000)
 Metaspace       used 30802K, capacity 31452K, committed 31744K, reserved 1077248K
  class space    used 4266K, capacity 4515K, committed 4608K, reserved 1048576K
Event: 4.584 GC heap after
Heap after GC invocations=6 (full 1):
 PSYoungGen      total 132096K, used 5088K [0x00000000e0000000, 0x00000000ee900000, 0x0000000100000000)
  eden space 126976K, 0% used [0x00000000e0000000,0x00000000e0000000,0x00000000e7c00000)
  from space 5120K, 99% used [0x00000000e7c00000,0x00000000e80f8030,0x00000000e8100000)
  to   space 15360K, 0% used [0x00000000eda00000,0x00000000eda00000,0x00000000ee900000)
 ParOldGen       total 56832K, used 14859K [0x00000000a0000000, 0x00000000a3780000, 0x00000000e0000000)
  object space 56832K, 26% used [0x00000000a0000000,0x00000000a0e82f30,0x00000000a3780000)
 Metaspace       used 30802K, capacity 31452K, committed 31744K, reserved 1077248K
  class space    used 4266K, capacity 4515K, committed 4608K, reserved 1048576K
}

Deoptimization events (10 events):
Event: 6.137 Thread 0x00007f4cc0008000 Uncommon trap: reason=class_check action=maybe_recompile pc=0x00007f4d0973b0b0 method=java.util.Hashtable.get(Ljava/lang/Object;)Ljava/lang/Object; @ 6
Event: 6.138 Thread 0x00007f4cc0008000 Uncommon trap: reason=class_check action=maybe_recompile pc=0x00007f4d0973b0b0 method=java.util.Hashtable.get(Ljava/lang/Object;)Ljava/lang/Object; @ 6
Event: 6.309 Thread 0x00007f4cc0008000 Uncommon trap: reason=class_check action=maybe_recompile pc=0x00007f4d09916524 method=java.util.regex.Matcher.search(I)Z @ 86
Event: 6.309 Thread 0x00007f4cc0008000 Uncommon trap: reason=class_check action=maybe_recompile pc=0x00007f4d09916524 method=java.util.regex.Matcher.search(I)Z @ 86
Event: 6.309 Thread 0x00007f4cc0008000 Uncommon trap: reason=class_check action=maybe_recompile pc=0x00007f4d09916524 method=java.util.regex.Matcher.search(I)Z @ 86
Event: 6.309 Thread 0x00007f4cc0008000 Uncommon trap: reason=class_check action=maybe_recompile pc=0x00007f4d09916524 method=java.util.regex.Matcher.search(I)Z @ 86
Event: 6.310 Thread 0x00007f4cc0008000 Uncommon trap: reason=class_check action=maybe_recompile pc=0x00007f4d092b05dc method=java.lang.String.equals(Ljava/lang/Object;)Z @ 8
Event: 6.310 Thread 0x00007f4cc0008000 Uncommon trap: reason=class_check action=maybe_recompile pc=0x00007f4d092b05dc method=java.lang.String.equals(Ljava/lang/Object;)Z @ 8
Event: 6.310 Thread 0x00007f4cc0008000 Uncommon trap: reason=class_check action=maybe_recompile pc=0x00007f4d092b05dc method=java.lang.String.equals(Ljava/lang/Object;)Z @ 8
Event: 6.310 Thread 0x00007f4cc0008000 Uncommon trap: reason=class_check action=maybe_recompile pc=0x00007f4d092b05dc method=java.lang.String.equals(Ljava/lang/Object;)Z @ 8

Classes redefined (0 events):
No events

Internal exceptions (10 events):
Event: 5.974 Thread 0x00007f4cc0008000 Exception <a 'java/lang/ClassNotFoundException': org/gradle/api/internal/ConventionTaskBeanInfo> (0x00000000e31ace30) thrown at [/ssd/Android/AOSP-openjdk-git/jdk8u/hotspot/src/share/vm/classfile/systemDictionary.cpp, line 210]
Event: 5.974 Thread 0x00007f4cc0008000 Exception <a 'java/lang/ClassNotFoundException': org/gradle/api/DefaultTaskBeanInfo> (0x00000000e31cd748) thrown at [/ssd/Android/AOSP-openjdk-git/jdk8u/hotspot/src/share/vm/classfile/systemDictionary.cpp, line 210]
Event: 5.975 Thread 0x00007f4cc0008000 Exception <a 'java/lang/ClassNotFoundException': org/gradle/api/internal/AbstractTaskBeanInfo> (0x00000000e31f3988) thrown at [/ssd/Android/AOSP-openjdk-git/jdk8u/hotspot/src/share/vm/classfile/systemDictionary.cpp, line 210]
Event: 5.975 Thread 0x00007f4cc0008000 Exception <a 'java/lang/ClassNotFoundException': org/gradle/api/internal/AbstractTaskCustomizer> (0x00000000e321a640) thrown at [/ssd/Android/AOSP-openjdk-git/jdk8u/hotspot/src/share/vm/classfile/systemDictionary.cpp, line 210]
Event: 5.977 Thread 0x00007f4cc0008000 Exception <a 'java/lang/ClassNotFoundException': org/gradle/api/DefaultTaskCustomizer> (0x00000000e329b260) thrown at [/ssd/Android/AOSP-openjdk-git/jdk8u/hotspot/src/share/vm/classfile/systemDictionary.cpp, line 210]
Event: 5.978 Thread 0x00007f4cc0008000 Exception <a 'java/lang/ClassNotFoundException': org/gradle/api/internal/ConventionTaskCustomizer> (0x00000000e32d11b0) thrown at [/ssd/Android/AOSP-openjdk-git/jdk8u/hotspot/src/share/vm/classfile/systemDictionary.cpp, line 210]
Event: 5.980 Thread 0x00007f4cc0008000 Exception <a 'java/lang/ClassNotFoundException': org/gradle/api/tasks/DeleteCustomizer> (0x00000000e33058d0) thrown at [/ssd/Android/AOSP-openjdk-git/jdk8u/hotspot/src/share/vm/classfile/systemDictionary.cpp, line 210]
Event: 5.981 Thread 0x00007f4cc0008000 Exception <a 'java/lang/ClassNotFoundException': org/gradle/api/tasks/Delete_DecoratedCustomizer> (0x00000000e33476c0) thrown at [/ssd/Android/AOSP-openjdk-git/jdk8u/hotspot/src/share/vm/classfile/systemDictionary.cpp, line 210]
Event: 6.319 Thread 0x00007f4cc0008000 Exception <a 'java/lang/ClassNotFoundException': build_1u991slb7oqnajh7uxrr4e7acBeanInfo> (0x00000000e4861850) thrown at [/ssd/Android/AOSP-openjdk-git/jdk8u/hotspot/src/share/vm/classfile/systemDictionary.cpp, line 210]
Event: 6.319 Thread 0x00007f4cc0008000 Exception <a 'java/lang/ClassNotFoundException': build_1u991slb7oqnajh7uxrr4e7acCustomizer> (0x00000000e486b818) thrown at [/ssd/Android/AOSP-openjdk-git/jdk8u/hotspot/src/share/vm/classfile/systemDictionary.cpp, line 210]

Events (10 events):
Event: 6.346 loading class com/android/build/gradle/internal/ExtraModelInfo
Event: 6.346 loading class com/android/build/gradle/internal/ExtraModelInfo done
Event: 6.351 loading class com/android/ide/common/process/JavaProcessExecutor
Event: 6.351 loading class com/android/ide/common/process/JavaProcessExecutor done
Event: 6.352 loading class com/android/ide/common/process/ProcessExecutor
Event: 6.352 loading class com/android/ide/common/process/ProcessExecutor done
Event: 6.352 loading class org/gradle/BuildListener
Event: 6.352 loading class org/gradle/BuildListener done
Event: 6.352 loading class com/android/build/gradle/internal/model/NativeLibraryFactory
Event: 6.352 loading class com/android/build/gradle/internal/model/NativeLibraryFactory done


Dynamic libraries:
00400000-00401000 r-xp 00000000 08:03 1843644                            /usr/local/android-studio/jre/bin/java
00600000-00601000 r--p 00000000 08:03 1843644                            /usr/local/android-studio/jre/bin/java
00601000-00602000 rw-p 00001000 08:03 1843644                            /usr/local/android-studio/jre/bin/java
0116e000-0118f000 rw-p 00000000 00:00 0                                  [heap]
a0000000-a3780000 rw-p 00000000 00:00 0 
a3780000-e0000000 ---p 00000000 00:00 0 
e0000000-ee900000 rw-p 00000000 00:00 0 
ee900000-100000000 ---p 00000000 00:00 0 
100000000-1004e0000 rw-p 00000000 00:00 0 
1004e0000-140000000 ---p 00000000 00:00 0 
7f4c84000000-7f4c84021000 rw-p 00000000 00:00 0 
7f4c84021000-7f4c88000000 ---p 00000000 00:00 0 
7f4c8c000000-7f4c8c021000 rw-p 00000000 00:00 0 
7f4c8c021000-7f4c90000000 ---p 00000000 00:00 0 
7f4c90000000-7f4c90021000 rw-p 00000000 00:00 0 
7f4c90021000-7f4c94000000 ---p 00000000 00:00 0 
7f4c94000000-7f4c94021000 rw-p 00000000 00:00 0 
7f4c94021000-7f4c98000000 ---p 00000000 00:00 0 
7f4c98000000-7f4c98021000 rw-p 00000000 00:00 0 
7f4c98021000-7f4c9c000000 ---p 00000000 00:00 0 
7f4c9c000000-7f4c9c021000 rw-p 00000000 00:00 0 
7f4c9c021000-7f4ca0000000 ---p 00000000 00:00 0 
7f4ca0000000-7f4ca0021000 rw-p 00000000 00:00 0 
7f4ca0021000-7f4ca4000000 ---p 00000000 00:00 0 
7f4ca4000000-7f4ca4021000 rw-p 00000000 00:00 0 
7f4ca4021000-7f4ca8000000 ---p 00000000 00:00 0 
7f4ca8000000-7f4ca812c000 rw-p 00000000 00:00 0 
7f4ca812c000-7f4cac000000 ---p 00000000 00:00 0 
7f4cac000000-7f4cad08f000 rw-p 00000000 00:00 0 
7f4cad08f000-7f4cb0000000 ---p 00000000 00:00 0 
7f4cb0000000-7f4cb027e000 rw-p 00000000 00:00 0 
7f4cb027e000-7f4cb4000000 ---p 00000000 00:00 0 
7f4cb4000000-7f4cb402c000 rw-p 00000000 00:00 0 
7f4cb402c000-7f4cb8000000 ---p 00000000 00:00 0 
7f4cb8000000-7f4cb8021000 rw-p 00000000 00:00 0 
7f4cb8021000-7f4cbc000000 ---p 00000000 00:00 0 
7f4cbc000000-7f4cbc021000 rw-p 00000000 00:00 0 
7f4cbc021000-7f4cc0000000 ---p 00000000 00:00 0 
7f4cc0000000-7f4cc0021000 rw-p 00000000 00:00 0 
7f4cc0021000-7f4cc4000000 ---p 00000000 00:00 0 
7f4cc4000000-7f4cc4079000 rw-p 00000000 00:00 0 
7f4cc4079000-7f4cc8000000 ---p 00000000 00:00 0 
7f4cc8a50000-7f4cc8c06000 rw-p 00000000 00:00 0 
7f4cc8c06000-7f4cc8c50000 ---p 00000000 00:00 0 
7f4cc8c50000-7f4cc8c5b000 r--s 00081000 08:03 5113188                    /home/vittal/.gradle/caches/jars-3/fc6e889a0f45cc9752787eb60f920103/trove4j-20160824.jar
7f4cc8c5b000-7f4cc8cde000 r--s 00758000 08:03 5113186                    /home/vittal/.gradle/caches/jars-3/b46ab84062ddfd52701cfe0a9718e764/intellij-core-26.0.1.jar
7f4cc8cde000-7f4cc8ce4000 r--s 00033000 08:03 5113184                    /home/vittal/.gradle/caches/jars-3/f96c897d327ea500d64fe3af2833bd50/commons-codec-1.6.jar
7f4cc8ce4000-7f4cc8ce6000 r--s 0000d000 08:03 5113182                    /home/vittal/.gradle/caches/jars-3/ccc849edcf9fccd61ed937bf93ffe896/commons-logging-1.1.1.jar
7f4cc8ce6000-7f4cc8cec000 r--s 00032000 08:03 5113180                    /home/vittal/.gradle/caches/jars-3/72e344059d1923829968d0d38b0c3c72/httpcore-4.2.5.jar
7f4cc8cec000-7f4cc8ced000 r--s 00004000 08:03 5113178                    /home/vittal/.gradle/caches/jars-3/3a4299d1ce3e273e7c03a9ccf5a1e333/annotations-12.0.jar
7f4cc8ced000-7f4cc8cee000 r--s 00000000 08:03 5113176                    /home/vittal/.gradle/caches/jars-3/0e2fbc3b8c56d2975eca90c524790c13/animal-sniffer-annotations-1.14.jar
7f4cc8cee000-7f4cc8cf0000 r--s 00001000 08:03 5113174                    /home/vittal/.gradle/caches/jars-3/ad41f8f3ac67c0323ce9eb1c20c8dc3f/j2objc-annotations-1.1.jar
7f4cc8cf0000-7f4cc8cf1000 r--s 00002000 08:03 5113172                    /home/vittal/.gradle/caches/jars-3/9edb0f46b907c34c4718edabde6c791c/error_prone_annotations-2.0.18.jar
7f4cc8cf1000-7f4cc8cf4000 r--s 00006000 08:03 5113170                    /home/vittal/.gradle/caches/jars-3/b58a9bc3bbba42132e4abc0bacae8da1/jsr305-1.3.9.jar
7f4cc8cf4000-7f4cc8cf5000 r--s 0000a000 08:03 5113168                    /home/vittal/.gradle/caches/jars-3/5b8b36ed61fe92731031cca3c9b3a0b3/kxml2-2.3.0.jar
7f4cc8cf5000-7f4cc8cf7000 r--s 00005000 08:03 5113166                    /home/vittal/.gradle/caches/jars-3/f10e1e1978816198f2eb1189c974b440/httpmime-4.1.jar
7f4cc8cf7000-7f4cc8d01000 r--s 00061000 08:03 5113164                    /home/vittal/.gradle/caches/jars-3/bc4b2527f35dc983f759e8f85f3f8d52/httpclient-4.2.6.jar
7f4cc8d01000-7f4cc8d0a000 r--s 00064000 08:03 5113162                    /home/vittal/.gradle/caches/jars-3/fc37c717528c2a0d27f3e3621835f781/commons-compress-1.12.jar
7f4cc8d0a000-7f4cc8d0f000 r--s 0002e000 08:03 5113160                    /home/vittal/.gradle/caches/jars-3/c5bcda7f6f4809e9c92270f99e51f154/gson-2.3.jar
7f4cc8d0f000-7f4cc8d1f000 r--s 000d6000 08:03 5113158                    /home/vittal/.gradle/caches/jars-3/dbdb8caed2514263a34702cc763c6785/proguard-base-5.3.3.jar
7f4cc8d1f000-7f4cc8d21000 r--s 00003000 08:03 5113156                    /home/vittal/.gradle/caches/jars-3/01ab8600ebbfdcaf9b89b45c2b992e82/annotations-13.0.jar
7f4cc8d21000-7f4cc8d22000 r--s 00001000 08:03 5113154                    /home/vittal/.gradle/caches/jars-3/dccac9b7f67766e57200b1770178f61c/annotations-26.0.1.jar
7f4cc8d22000-7f4cc8d25000 r--s 00033000 08:03 5113152                    /home/vittal/.gradle/caches/jars-3/0ce03714647bf7bd3c78634c20ddbf38/juniversalchardet-1.0.3.jar
7f4cc8d25000-7f4cc8d29000 r--s 0002a000 08:03 5113150                    /home/vittal/.gradle/caches/jars-3/9849af6d4b0409ba64061601342f385d/commons-io-2.4.jar
7f4cc8d29000-7f4cc8d40000 r--s 00154000 08:03 5113148                    /home/vittal/.gradle/caches/jars-3/57adf9abd30c921d4ea1dfdcfe7b9efd/antlr4-4.5.3.jar
7f4cc8d40000-7f4cc8d41000 r--s 00003000 08:03 5113146                    /home/vittal/.gradle/caches/jars-3/54a15dd332fd4c2e246ad396835dc0d2/baseLibrary-3.0.1.jar
7f4cc8d41000-7f4cc8d71000 r--s 00245000 08:03 5113144                    /home/vittal/.gradle/caches/jars-3/8e27cdebb49ba2f804f9403d90aaaac5/guava-22.0.jar
7f4cc8d71000-7f4cc8d79000 r--s 000a8000 08:03 5113142                    /home/vittal/.gradle/caches/jars-3/6cc57ce9ec0d90186f781694264d61bc/lombok-ast-0.2.3.jar
7f4cc8d79000-7f4cc8d7d000 r--s 0002f000 08:03 5113140                    /home/vittal/.gradle/caches/jars-3/505fcc8c47da308b2f1262f0ff3c65f1/jimfs-1.1.jar
7f4cc8d7d000-7f4cc8d90000 r--s 00241000 08:03 5113138                    /home/vittal/.gradle/caches/jars-3/d8dc71eb6d91c966c45f7b594129e14a/ecj-4.6.1.jar
7f4cc8d90000-7f4cc8d91000 r--s 00003000 08:03 5113136                    /home/vittal/.gradle/caches/jars-3/fdb8f5ebd6a086c4818336712b830716/json-simple-1.1.jar
7f4cc8d91000-7f4cc8eb6000 r--s 00f5d000 08:03 5113134                    /home/vittal/.gradle/caches/jars-3/dfd566a90e18a0aa75879c33e0731ab8/fastutil-7.2.0.jar
7f4cc8eb6000-7f4cc8f01000 r--s 002ff000 08:03 5113132                    /home/vittal/.gradle/caches/jars-3/d3d44e9a7fcb4a86fb40775c385dd3d0/bcprov-jdk15on-1.56.jar
7f4cc8f01000-7f4cc8f12000 r--s 00097000 08:03 5113130                    /home/vittal/.gradle/caches/jars-3/59ebb77d99c5ca0e24bb23272e0329dd/bcpkix-jdk15on-1.56.jar
7f4cc8f12000-7f4cc8f14000 r--s 00002000 08:03 5113128                    /home/vittal/.gradle/caches/jars-3/f268e5e8fc83bb846ac355d6a16b1f30/javawriter-2.5.0.jar
7f4cc8f14000-7f4cc8f19000 r--s 0003b000 08:03 5113126                    /home/vittal/.gradle/caches/jars-3/91bf67441f6ac57ccbb374f99f9ed0fc/apksig-3.0.1.jar
7f4cc8f19000-7f4cc8f1c000 r--s 00024000 08:03 5113124                    /home/vittal/.gradle/caches/jars-3/04183dcd1bde85515b23d1bbd46ea9bc/common-26.0.1.jar
7f4cc8f1c000-7f4cc8f1e000 r--s 00006000 08:03 5113122                    /home/vittal/.gradle/caches/jars-3/a0ea702af2bdb16dfa1a50969b155dea/dvlib-26.0.1.jar
7f4cc8f1e000-7f4cc8f21000 r--s 00014000 08:03 5113120                    /home/vittal/.gradle/caches/jars-3/6abb718b4b844aa0386163f0c2f6eb72/layoutlib-api-26.0.1.jar
7f4cc8f21000-7f4cc8f26000 r--s 0004d000 08:03 5113118                    /home/vittal/.gradle/caches/jars-3/65a80584522712b8832b7c1c03186c4b/ddmlib-26.0.1.jar
7f4cc8f26000-7f4cc8f27000 r--s 00003000 08:03 5113116                    /home/vittal/.gradle/caches/jars-3/af01854c900e4906a368ef59064a245d/builder-test-api-3.0.1.jar
7f4cc8f27000-7f4cc8f2a000 r--s 00007000 08:03 5113114                    /home/vittal/.gradle/caches/jars-3/124ec36ab4edce0919b54d1123daa364/builder-model-3.0.1.jar
7f4cc8f2a000-7f4cc8f39000 r--s 00130000 08:03 5113112                    /home/vittal/.gradle/caches/jars-3/72ba1443c6adcea1f6ba21e12f0bb0fc/protobuf-java-3.0.0.jar
7f4cc8f39000-7f4cc8f4c000 r--s 001a8000 08:03 5113110                    /home/vittal/.gradle/caches/jars-3/a1cbdfb97e256e71fcbd29dc4584a785/protos-26.0.1.jar
7f4cc8f4c000-7f4cc8f4d000 r--s 00005000 08:03 5113108                    /home/vittal/.gradle/caches/jars-3/ca5180624b528b15325a5d002dbfbb6d/shared-26.0.1.jar
7f4cc8f4d000-7f4cc8f4f000 r--s 00004000 08:03 5113106                    /home/vittal/.gradle/caches/jars-3/07f12c2b6f66ca8d4d6bd02e9c9b060a/tracker-26.0.1.jar
7f4cc8f4f000-7f4cc8f51000 r--s 00002000 08:03 5113104                    /home/vittal/.gradle/caches/jars-3/e91624d2ed1c3b55eec9fd768ed13c1d/proguard-gradle-5.3.3.jar
7f4cc8f51000-7f4cc8f53000 r--s 0000f000 08:03 5113102                    /home/vittal/.gradle/caches/jars-3/96760c32d36a5d7066e3ccf088bfd362/jopt-simple-4.9.jar
7f4cc8f53000-7f4cc8f57000 r--s 0001e000 08:03 5113100                    /home/vittal/.gradle/caches/jars-3/0d3e95aba631209a078aeec58a76633d/org.jacoco.core-0.7.4.201502262128.jar
7f4cc8f57000-7f4cc8f5a000 r--s 00020000 08:03 5113098                    /home/vittal/.gradle/caches/jars-3/c72fc284d34f39eab57a4e3ba83405e9/org.jacoco.report-0.7.4.201502262128.jar
7f4cc8f5a000-7f4cc8f5c000 r--s 0000c000 08:03 5113096                    /home/vittal/.gradle/caches/jars-3/9b0a36633c92c6e87e62c81734593183/asm-5.1.jar
7f4cc8f5c000-7f4cc8f5e000 r--s 00006000 08:03 5113094                    /home/vittal/.gradle/caches/jars-3/50c8a7da333c41693b2b7ce95b6d9d89/asm-tree-5.1.jar
7f4cc8f5e000-7f4cc8f5f000 r--s 0000a000 08:03 5113092                    /home/vittal/.gradle/caches/jars-3/c4f1f1d5a624f981d35a78d181e2c418/asm-util-5.1.jar
7f4cc8f5f000-7f4cc8f61000 r--s 0000a000 08:03 5113090                    /home/vittal/.gradle/caches/jars-3/d37aa405961c464c627b1efe5def81b8/asm-commons-5.1.jar
7f4cc8f61000-7f4cc8f70000 r--s 000c8000 08:03 5113084                    /home/vittal/.gradle/caches/jars-3/af931fae44e009148423077fa09abbd1/kotlin-stdlib-1.1.3-2.jar
7f4cc8f70000-7f4cc8fa2000 r--s 0021b000 08:03 5113082                    /home/vittal/.gradle/caches/jars-3/24b2127528a18b338af82ff7ea236d45/kotlin-reflect-1.1.3-2.jar
7f4cc8fa2000-7f4cc8fa8000 r--s 00030000 08:03 5113080                    /home/vittal/.gradle/caches/jars-3/90ec49f8b88710e2876aefe447609abb/repository-26.0.1.jar
7f4cc8fa8000-7f4cc8fb3000 r--s 0009b000 08:03 5113078                    /home/vittal/.gradle/caches/jars-3/af771564c510a1c104220a8be892ab2d/sdklib-26.0.1.jar
7f4cc8fb3000-7f4cc8fc2000 r--s 000da000 08:03 5113076                    /home/vittal/.gradle/caches/jars-3/50767da85151ce151711c301f4a0623c/sdk-common-26.0.1.jar
7f4cc8fc2000-7f4cc8fc6000 r--s 00023000 08:03 5113074                    /home/vittal/.gradle/caches/jars-3/186e268c3a12c0a405d658dabf9d64d2/manifest-merger-26.0.1.jar
7f4cc8fc6000-7f4cc8fca000 r--s 0002e000 08:03 5113072                    /home/vittal/.gradle/caches/jars-3/c519ce7b2f3637e909703f541c08c445/compilerCommon-3.0.1.jar
7f4cc8fca000-7f4cc8fd9000 r--s 000cb000 08:03 5113068                    /home/vittal/.gradle/caches/jars-3/e5c09abb4b0acf0785ecd8a8015ab959/uast-26.0.1.jar
7f4cc8fd9000-7f4cc8fe0000 r--s 0007f000 08:03 5113066                    /home/vittal/.gradle/caches/jars-3/b1f5a73634581e955e7f89376aea2d48/lint-api-26.0.1.jar
7f4cc8fe0000-7f4cc8fe9000 r--s 000ff000 08:03 5113064                    /home/vittal/.gradle/caches/jars-3/75e696a5531ca85e1fe447df83f74bd2/lint-checks-26.0.1.jar
7f4cc8fe9000-7f4cc9019000 r--s 01983000 08:03 5113060                    /home/vittal/.gradle/caches/jars-3/add7f1627b730db059119a8274a10c21/builder-3.0.1.jar
7f4cc9019000-7f4cc903c000 r--s 0020b000 08:03 5113058                    /home/vittal/.gradle/caches/jars-3/4adae2b762c8552c6e3aa2ded1493e4b/gradle-core-3.0.1.jar
7f4cc903c000-7f4cc903f000 ---p 00000000 00:00 0 
7f4cc903f000-7f4cc913d000 rw-p 00000000 00:00 0 
7f4cc913d000-7f4cc9140000 ---p 00000000 00:00 0 
7f4cc9140000-7f4cc923e000 rw-p 00000000 00:00 0 
7f4cc923e000-7f4cc9241000 ---p 00000000 00:00 0 
7f4cc9241000-7f4cc933f000 rw-p 00000000 00:00 0 
7f4cc933f000-7f4cc9342000 ---p 00000000 00:00 0 
7f4cc9342000-7f4cc9640000 rw-p 00000000 00:00 0 
7f4cc9640000-7f4cc9840000 rw-p 00000000 00:00 0 
7f4cc9840000-7f4cc9a40000 rw-p 00000000 00:00 0 
7f4cc9a40000-7f4cc9a4e000 r--s 000ca000 08:03 4856121                    /home/vittal/.gradle/caches/jars-3/e0bd0005080c5c7e72a2b279cbd60369/kotlin-runtime.jar
7f4cc9a4e000-7f4cc9abe000 r--s 00643000 08:03 4856119                    /home/vittal/.gradle/caches/jars-3/fd607a71f3d781451515f815d21ecd8e/groovy-all-2.4.6.jar
7f4cc9abe000-7f4cc9cbe000 rw-p 00000000 00:00 0 
7f4cc9cbe000-7f4cc9cc1000 ---p 00000000 00:00 0 
7f4cc9cc1000-7f4cc9fbf000 rw-p 00000000 00:00 0 
7f4cc9fbf000-7f4cc9fc1000 r--s 0000e000 08:03 4734593                    /home/vittal/.gradle/caches/jars-3/749fa8fddbb60dbf5a9683c6d3a8f3e9/android-extensions-ide.jar
7f4cc9fc1000-7f4cc9fc2000 r--s 00000000 08:03 4734591                    /home/vittal/.gradle/caches/jars-3/be363fcec6fce25e79fe7d68a2750e91/gradle-appengine-builder-model-0.1.0.jar
7f4cc9fc2000-7f4cc9fc3000 r--s 00004000 08:03 5113088                    /home/vittal/.gradle/caches/jars-3/2b2689d10a4425b1cb2d0654db2ea088/asm-analysis-5.1.jar
7f4cc9fc3000-7f4cc9fc4000 r--s 00000000 08:03 5113086                    /home/vittal/.gradle/caches/jars-3/5206138fb8a6b2ffbd31e140916c2100/transform-api-2.0.0-deprecated-use-gradle-api.jar
7f4cc9fc4000-7f4cc9fc6000 r--s 00003000 08:03 5113070                    /home/vittal/.gradle/caches/jars-3/34cfdbf6cad3f54cc2f45521bf0374e7/gradle-api-3.0.1.jar
7f4cc9fc6000-7f4cc9fc9000 r--s 00039000 08:03 5113062                    /home/vittal/.gradle/caches/jars-3/7fa6c4fcdd1d81db4cc9c7439ce29486/lint-26.0.1.jar
7f4cc9fc9000-7f4cc9fce000 r--s 00034000 08:03 4856123                    /home/vittal/.gradle/caches/jars-3/d447f2396a03dbc75b6d52fec5a488d6/gson-2.5.jar
7f4cc9fce000-7f4cca1ce000 rw-p 00000000 00:00 0 
7f4cca1ce000-7f4cca1ed000 r--s 0053d000 08:03 4734589                    /home/vittal/.gradle/caches/jars-3/07dcf2f3f2bda71869cda3f75be96a82/sdk-tools.jar
7f4cca1ed000-7f4cca1ee000 r--s 00003000 08:03 4734587                    /home/vittal/.gradle/caches/jars-3/2405bbfe967ae4d56a908337251d2f0e/kotlin-gradle-tooling.jar
7f4cca1ee000-7f4cca1ef000 r--s 00002000 08:03 4734585                    /home/vittal/.gradle/caches/jars-3/a5464f115a9bc6b52bb26e3cbeda18d3/external-system-rt.jar
7f4cca1ef000-7f4cca1f1000 r--s 0000c000 08:03 4734583                    /home/vittal/.gradle/caches/jars-3/4bc057eb82a797154e6f5adb86778648/gradle-tooling-extension-api.jar
7f4cca1f1000-7f4cca1f8000 r--s 0002a000 08:03 4734581                    /home/vittal/.gradle/caches/jars-3/fff47aec37b967e571b648d1fc9c6db6/gradle-messaging-3.5.jar
7f4cca1f8000-7f4cca1fd000 r--s 00041000 08:03 4734579                    /home/vittal/.gradle/caches/jars-3/c0502f5c2cf6dfd52d250e1b7d027d24/commons-lang-2.6.jar
7f4cca1fd000-7f4cca23f000 r--s 00220000 08:03 4734577                    /home/vittal/.gradle/caches/jars-3/929747bc6b973b44297e9c57df71598d/gradle-core-3.5.jar
7f4cca23f000-7f4cca248000 r--s 00047000 08:03 4734575                    /home/vittal/.gradle/caches/jars-3/11d06a5dce89fe5632250b7df00a3d57/gradle-base-services-3.5.jar
7f4cca248000-7f4cca270000 r--s 001cf000 08:03 4734573                    /home/vittal/.gradle/caches/jars-3/566e7e0f530f75a42eba4833ef84d88c/guava-jdk5-17.0.jar
7f4cca270000-7f4cca27e000 r--s 00043000 08:03 4734571                    /home/vittal/.gradle/caches/jars-3/c0d1da18a547ef3a2ba66d3068ae6e09/gradle-tooling-api-3.5.jar
7f4cca27e000-7f4cca280000 r--s 0000f000 08:03 5113056                    /home/vittal/.gradle/caches/jars-3/afd86a0d8507fd7f2e97461eaf9e4416/gradle-3.0.1.jar
7f4cca280000-7f4cca286000 r--s 0008b000 08:03 4856117                    /home/vittal/.gradle/caches/jars-3/12b60d252bcd68e30d8b20cdf4f7de06/gradle-tooling-extension-impl.jar
7f4cca286000-7f4cca486000 rw-p 00000000 00:00 0 
7f4cca486000-7f4cca4ff000 r--s 010fd000 08:03 1843697                    /usr/local/android-studio/jre/lib/tools.jar
7f4cca4ff000-7f4cca502000 ---p 00000000 00:00 0 
7f4cca502000-7f4cca800000 rw-p 00000000 00:00 0 
7f4cca800000-7f4cca803000 ---p 00000000 00:00 0 
7f4cca803000-7f4cca901000 rw-p 00000000 00:00 0 
7f4cca901000-7f4cca904000 ---p 00000000 00:00 0 
7f4cca904000-7f4ccac02000 rw-p 00000000 00:00 0 
7f4ccac02000-7f4ccac05000 ---p 00000000 00:00 0 
7f4ccac05000-7f4ccad03000 rw-p 00000000 00:00 0 
7f4ccad03000-7f4ccad06000 ---p 00000000 00:00 0 
7f4ccad06000-7f4ccae04000 rw-p 00000000 00:00 0 
7f4ccae04000-7f4ccae07000 ---p 00000000 00:00 0 
7f4ccae07000-7f4ccaf05000 rw-p 00000000 00:00 0 
7f4ccaf05000-7f4ccaf08000 ---p 00000000 00:00 0 
7f4ccaf08000-7f4ccb006000 rw-p 00000000 00:00 0 
7f4ccb006000-7f4ccb009000 ---p 00000000 00:00 0 
7f4ccb009000-7f4ccb107000 rw-p 00000000 00:00 0 
7f4ccb107000-7f4ccb10a000 ---p 00000000 00:00 0 
7f4ccb10a000-7f4ccb208000 rw-p 00000000 00:00 0 
7f4ccb208000-7f4ccb20b000 ---p 00000000 00:00 0 
7f4ccb20b000-7f4ccb309000 rw-p 00000000 00:00 0 
7f4ccb309000-7f4ccb310000 r--s 00000000 08:03 1970294                    /usr/lib/x86_64-linux-gnu/gconv/gconv-modules.cache
7f4ccb310000-7f4ccb313000 ---p 00000000 00:00 0 
7f4ccb313000-7f4ccb411000 rw-p 00000000 00:00 0 
7f4ccb411000-7f4ccb416000 r--s 0009a000 08:03 1843822                    /usr/local/android-studio/jre/jre/lib/jsse.jar
7f4ccb416000-7f4ccb616000 rw-p 00000000 00:00 0 
7f4ccb616000-7f4ccb61f000 r-xp 00000000 08:03 1843775                    /usr/local/android-studio/jre/jre/lib/amd64/libmanagement.so
7f4ccb61f000-7f4ccb81e000 ---p 00009000 08:03 1843775                    /usr/local/android-studio/jre/jre/lib/amd64/libmanagement.so
7f4ccb81e000-7f4ccb81f000 r--p 00008000 08:03 1843775                    /usr/local/android-studio/jre/jre/lib/amd64/libmanagement.so
7f4ccb81f000-7f4ccb820000 rw-p 00009000 08:03 1843775                    /usr/local/android-studio/jre/jre/lib/amd64/libmanagement.so
7f4ccb820000-7f4ccb822000 r--s 00007000 08:03 4730490                    /home/vittal/.gradle/wrapper/dists/gradle-4.1-all/bzyivzo6n839fup2jbap0tjew/gradle-4.1/lib/plugins/gradle-tooling-api-builders-4.1.jar
7f4ccb822000-7f4ccb825000 r--s 00009000 08:03 4730500                    /home/vittal/.gradle/wrapper/dists/gradle-4.1-all/bzyivzo6n839fup2jbap0tjew/gradle-4.1/lib/plugins/gradle-testing-native-4.1.jar
7f4ccb825000-7f4ccb827000 r--s 00009000 08:03 4730573                    /home/vittal/.gradle/wrapper/dists/gradle-4.1-all/bzyivzo6n839fup2jbap0tjew/gradle-4.1/lib/plugins/hamcrest-core-1.3.jar
7f4ccb827000-7f4ccb82c000 r--s 00040000 08:03 4730568                    /home/vittal/.gradle/wrapper/dists/gradle-4.1-all/bzyivzo6n839fup2jbap0tjew/gradle-4.1/lib/plugins/bsh-2.0b4.jar
7f4ccb82c000-7f4ccb82e000 r--s 00006000 08:03 4730569                    /home/vittal/.gradle/wrapper/dists/gradle-4.1-all/bzyivzo6n839fup2jbap0tjew/gradle-4.1/lib/plugins/jcommander-1.12.jar
7f4ccb82e000-7f4ccb834000 r--s 00033000 08:03 4730570                    /home/vittal/.gradle/wrapper/dists/gradle-4.1-all/bzyivzo6n839fup2jbap0tjew/gradle-4.1/lib/plugins/snakeyaml-1.6.jar
7f4ccb834000-7f4ccb83d000 r--s 00089000 08:03 4730528                    /home/vittal/.gradle/wrapper/dists/gradle-4.1-all/bzyivzo6n839fup2jbap0tjew/gradle-4.1/lib/plugins/testng-6.3.1.jar
7f4ccb83d000-7f4ccb845000 r--s 00045000 08:03 4730529                    /home/vittal/.gradle/wrapper/dists/gradle-4.1-all/bzyivzo6n839fup2jbap0tjew/gradle-4.1/lib/plugins/junit-4.12.jar
7f4ccb845000-7f4ccb84b000 r--s 0002e000 08:03 4730496                    /home/vittal/.gradle/wrapper/dists/gradle-4.1-all/bzyivzo6n839fup2jbap0tjew/gradle-4.1/lib/plugins/gradle-testing-jvm-4.1.jar
7f4ccb84b000-7f4ccb84f000 r--s 00017000 08:03 4730504                    /home/vittal/.gradle/wrapper/dists/gradle-4.1-all/bzyivzo6n839fup2jbap0tjew/gradle-4.1/lib/plugins/gradle-testing-base-4.1.jar
7f4ccb84f000-7f4ccb856000 r--s 00038000 08:03 4730524                    /home/vittal/.gradle/wrapper/dists/gradle-4.1-all/bzyivzo6n839fup2jbap0tjew/gradle-4.1/lib/plugins/bcpg-jdk15on-1.51.jar
7f4ccb856000-7f4ccb858000 r--s 0000c000 08:03 4730475                    /home/vittal/.gradle/wrapper/dists/gradle-4.1-all/bzyivzo6n839fup2jbap0tjew/gradle-4.1/lib/plugins/gradle-signing-4.1.jar
7f4ccb858000-7f4ccb85a000 r--s 00007000 08:03 4730481                    /home/vittal/.gradle/wrapper/dists/gradle-4.1-all/bzyivzo6n839fup2jbap0tjew/gradle-4.1/lib/plugins/gradle-scala-4.1.jar
7f4ccb85a000-7f4ccb85b000 r--s 00004000 08:03 4730512                    /home/vittal/.gradle/wrapper/dists/gradle-4.1-all/bzyivzo6n839fup2jbap0tjew/gradle-4.1/lib/plugins/gradle-resources-sftp-4.1.jar
7f4ccb85b000-7f4ccb86b000 r--s 00088000 08:03 4730541                    /home/vittal/.gradle/wrapper/dists/gradle-4.1-all/bzyivzo6n839fup2jbap0tjew/gradle-4.1/lib/plugins/joda-time-2.8.2.jar
7f4ccb86b000-7f4ccb87c000 r--s 0010d000 08:03 4730540                    /home/vittal/.gradle/wrapper/dists/gradle-4.1-all/bzyivzo6n839fup2jbap0tjew/gradle-4.1/lib/plugins/jackson-databind-2.6.6.jar
7f4ccb87c000-7f4ccb87f000 r--s 00009000 08:03 4730539                    /home/vittal/.gradle/wrapper/dists/gradle-4.1-all/bzyivzo6n839fup2jbap0tjew/gradle-4.1/lib/plugins/jackson-annotations-2.6.6.jar
7f4ccb87f000-7f4ccb883000 r--s 0003c000 08:03 4730538                    /home/vittal/.gradle/wrapper/dists/gradle-4.1-all/bzyivzo6n839fup2jbap0tjew/gradle-4.1/lib/plugins/jackson-core-2.6.6.jar
7f4ccb883000-7f4ccb891000 r--s 00087000 08:03 4730537                    /home/vittal/.gradle/wrapper/dists/gradle-4.1-all/bzyivzo6n839fup2jbap0tjew/gradle-4.1/lib/plugins/aws-java-sdk-core-1.11.6.jar
7f4ccb891000-7f4ccb898000 r--s 00057000 08:03 4730536                    /home/vittal/.gradle/wrapper/dists/gradle-4.1-all/bzyivzo6n839fup2jbap0tjew/gradle-4.1/lib/plugins/aws-java-sdk-kms-1.11.6.jar
7f4ccb898000-7f4ccb8a5000 r--s 0008e000 08:03 4730535                    /home/vittal/.gradle/wrapper/dists/gradle-4.1-all/bzyivzo6n839fup2jbap0tjew/gradle-4.1/lib/plugins/aws-java-sdk-s3-1.11.6.jar
7f4ccb8a5000-7f4ccb8a7000 r--s 00004000 08:03 4730509                    /home/vittal/.gradle/wrapper/dists/gradle-4.1-all/bzyivzo6n839fup2jbap0tjew/gradle-4.1/lib/plugins/gradle-resources-s3-4.1.jar
7f4ccb8a7000-7f4ccb8a9000 r--s 00010000 08:03 4730505                    /home/vittal/.gradle/wrapper/dists/gradle-4.1-all/bzyivzo6n839fup2jbap0tjew/gradle-4.1/lib/plugins/gradle-reporting-4.1.jar
7f4ccb8a9000-7f4ccb8ab000 r--s 00002000 08:03 4730506                    /home/vittal/.gradle/wrapper/dists/gradle-4.1-all/bzyivzo6n839fup2jbap0tjew/gradle-4.1/lib/plugins/gradle-publish-4.1.jar
7f4ccb8ab000-7f4ccb8ad000 r--s 00009000 08:03 4730517                    /home/vittal/.gradle/wrapper/dists/gradle-4.1-all/bzyivzo6n839fup2jbap0tjew/gradle-4.1/lib/plugins/commons-cli-1.2.jar
7f4ccb8ad000-7f4ccb8b3000 r--s 00036000 08:03 4730489                    /home/vittal/.gradle/wrapper/dists/gradle-4.1-all/bzyivzo6n839fup2jbap0tjew/gradle-4.1/lib/plugins/gradle-plugins-4.1.jar
7f4ccb8b3000-7f4ccb8b5000 r--s 00009000 08:03 4730476                    /home/vittal/.gradle/wrapper/dists/gradle-4.1-all/bzyivzo6n839fup2jbap0tjew/gradle-4.1/lib/plugins/gradle-plugin-development-4.1.jar
7f4ccb8b5000-7f4ccb8bb000 r--s 0002b000 08:03 4730484                    /home/vittal/.gradle/wrapper/dists/gradle-4.1-all/bzyivzo6n839fup2jbap0tjew/gradle-4.1/lib/plugins/gradle-platform-play-4.1.jar
7f4ccb8bb000-7f4ccb8ca000 r--s 0005b000 08:03 4730502                    /home/vittal/.gradle/wrapper/dists/gradle-4.1-all/bzyivzo6n839fup2jbap0tjew/gradle-4.1/lib/plugins/gradle-platform-native-4.1.jar
7f4ccb8ca000-7f4ccb8ce000 r--s 0001b000 08:03 4730499                    /home/vittal/.gradle/wrapper/dists/gradle-4.1-all/bzyivzo6n839fup2jbap0tjew/gradle-4.1/lib/plugins/gradle-platform-jvm-4.1.jar
7f4ccb8ce000-7f4ccb8d6000 r--s 00027000 08:03 4730507                    /home/vittal/.gradle/wrapper/dists/gradle-4.1-all/bzyivzo6n839fup2jbap0tjew/gradle-4.1/lib/plugins/gradle-platform-base-4.1.jar
7f4ccb8d6000-7f4ccb8fe000 r--s 0021c000 08:03 4730518                    /home/vittal/.gradle/wrapper/dists/gradle-4.1-all/bzyivzo6n839fup2jbap0tjew/gradle-4.1/lib/plugins/biz.aQute.bndlib-3.2.0.jar
7f4ccb8fe000-7f4ccb8ff000 r--s 00004000 08:03 4730474                    /home/vittal/.gradle/wrapper/dists/gradle-4.1-all/bzyivzo6n839fup2jbap0tjew/gradle-4.1/lib/plugins/gradle-osgi-4.1.jar
7f4ccb8ff000-7f4ccb902000 r--s 0000c000 08:03 4730521                    /home/vittal/.gradle/wrapper/dists/gradle-4.1-all/bzyivzo6n839fup2jbap0tjew/gradle-4.1/lib/plugins/pmaven-groovy-0.8-20100325.jar
7f4ccb902000-7f4ccb903000 r--s 00004000 08:03 4730520                    /home/vittal/.gradle/wrapper/dists/gradle-4.1-all/bzyivzo6n839fup2jbap0tjew/gradle-4.1/lib/plugins/pmaven-common-0.8-20100325.jar
7f4ccb903000-7f4ccb909000 r--s 00023000 08:03 4730477                    /home/vittal/.gradle/wrapper/dists/gradle-4.1-all/bzyivzo6n839fup2jbap0tjew/gradle-4.1/lib/plugins/gradle-maven-4.1.jar
7f4ccb909000-7f4ccb90c000 r--s 0000b000 08:03 4730495                    /home/vittal/.gradle/wrapper/dists/gradle-4.1-all/bzyivzo6n839fup2jbap0tjew/gradle-4.1/lib/plugins/gradle-language-scala-4.1.jar
7f4ccb90c000-7f4ccb913000 r--s 00020000 08:03 4730501                    /home/vittal/.gradle/wrapper/dists/gradle-4.1-all/bzyivzo6n839fup2jbap0tjew/gradle-4.1/lib/plugins/gradle-language-native-4.1.jar
7f4ccb913000-7f4ccb915000 r--s 00005000 08:03 4730498                    /home/vittal/.gradle/wrapper/dists/gradle-4.1-all/bzyivzo6n839fup2jbap0tjew/gradle-4.1/lib/plugins/gradle-language-jvm-4.1.jar
7f4ccb915000-7f4ccb91c000 r--s 0002f000 08:03 4730497                    /home/vittal/.gradle/wrapper/dists/gradle-4.1-all/bzyivzo6n839fup2jbap0tjew/gradle-4.1/lib/plugins/gradle-language-java-4.1.jar
7f4ccb91c000-7f4ccb91f000 r--s 0000a000 08:03 4730494                    /home/vittal/.gradle/wrapper/dists/gradle-4.1-all/bzyivzo6n839fup2jbap0tjew/gradle-4.1/lib/plugins/gradle-language-groovy-4.1.jar
7f4ccb91f000-7f4ccb926000 r--s 00035000 08:03 4730527                    /home/vittal/.gradle/wrapper/dists/gradle-4.1-all/bzyivzo6n839fup2jbap0tjew/gradle-4.1/lib/plugins/simple-4.1.21.jar
7f4ccb926000-7f4ccb932000 r--s 00100000 08:03 4730525                    /home/vittal/.gradle/wrapper/dists/gradle-4.1-all/bzyivzo6n839fup2jbap0tjew/gradle-4.1/lib/plugins/rhino-1.7R3.jar
7f4ccb932000-7f4ccb936000 r--s 00012000 08:03 4730485                    /home/vittal/.gradle/wrapper/dists/gradle-4.1-all/bzyivzo6n839fup2jbap0tjew/gradle-4.1/lib/plugins/gradle-javascript-4.1.jar
7f4ccb936000-7f4ccb939000 r--s 00011000 08:03 4730487                    /home/vittal/.gradle/wrapper/dists/gradle-4.1-all/bzyivzo6n839fup2jbap0tjew/gradle-4.1/lib/plugins/gradle-jacoco-4.1.jar
7f4ccb939000-7f4ccb93c000 r--s 0000e000 08:03 4730486                    /home/vittal/.gradle/wrapper/dists/gradle-4.1-all/bzyivzo6n839fup2jbap0tjew/gradle-4.1/lib/plugins/gradle-ivy-4.1.jar
7f4ccb93c000-7f4ccb93d000 r--s 00002000 08:03 4730478                    /home/vittal/.gradle/wrapper/dists/gradle-4.1-all/bzyivzo6n839fup2jbap0tjew/gradle-4.1/lib/plugins/gradle-ide-play-4.1.jar
7f4ccb93d000-7f4ccb940000 r--s 00013000 08:03 4730479                    /home/vittal/.gradle/wrapper/dists/gradle-4.1-all/bzyivzo6n839fup2jbap0tjew/gradle-4.1/lib/plugins/gradle-ide-native-4.1.jar
7f4ccb940000-7f4ccb94a000 r--s 00054000 08:03 4730480                    /home/vittal/.gradle/wrapper/dists/gradle-4.1-all/bzyivzo6n839fup2jbap0tjew/gradle-4.1/lib/plugins/gradle-ide-4.1.jar
7f4ccb94a000-7f4ccb94c000 r--s 00007000 08:03 4730483                    /home/vittal/.gradle/wrapper/dists/gradle-4.1-all/bzyivzo6n839fup2jbap0tjew/gradle-4.1/lib/plugins/gradle-ear-4.1.jar
7f4ccb94c000-7f4ccb94e000 r--s 00005000 08:03 4730515                    /home/vittal/.gradle/wrapper/dists/gradle-4.1-all/bzyivzo6n839fup2jbap0tjew/gradle-4.1/lib/plugins/jatl-0.2.2.jar
7f4ccb94e000-7f4ccb955000 r--s 00038000 08:03 4730503                    /home/vittal/.gradle/wrapper/dists/gradle-4.1-all/bzyivzo6n839fup2jbap0tjew/gradle-4.1/lib/plugins/gradle-diagnostics-4.1.jar
7f4ccb955000-7f4ccb957000 r--s 0000b000 08:03 4730492                    /home/vittal/.gradle/wrapper/dists/gradle-4.1-all/bzyivzo6n839fup2jbap0tjew/gradle-4.1/lib/plugins/gradle-composite-builds-4.1.jar
7f4ccb957000-7f4ccb95c000 r--s 00025000 08:03 4730472                    /home/vittal/.gradle/wrapper/dists/gradle-4.1-all/bzyivzo6n839fup2jbap0tjew/gradle-4.1/lib/plugins/gradle-code-quality-4.1.jar
7f4ccb95c000-7f4ccb961000 r--s 00022000 08:03 4730488                    /home/vittal/.gradle/wrapper/dists/gradle-4.1-all/bzyivzo6n839fup2jbap0tjew/gradle-4.1/lib/plugins/gradle-build-init-4.1.jar
7f4ccb961000-7f4ccb967000 r--s 0008e000 08:03 4730482                    /home/vittal/.gradle/wrapper/dists/gradle-4.1-all/bzyivzo6n839fup2jbap0tjew/gradle-4.1/lib/plugins/gradle-build-comparison-4.1.jar
7f4ccb967000-7f4ccb968000 r--s 00002000 08:03 4730510                    /home/vittal/.gradle/wrapper/dists/gradle-4.1-all/bzyivzo6n839fup2jbap0tjew/gradle-4.1/lib/plugins/gradle-build-cache-http-4.1.jar
7f4ccb968000-7f4ccb96a000 r--s 00008000 08:03 4730473                    /home/vittal/.gradle/wrapper/dists/gradle-4.1-all/bzyivzo6n839fup2jbap0tjew/gradle-4.1/lib/plugins/gradle-antlr-4.1.jar
7f4ccb96a000-7f4ccb96c000 r--s 00004000 08:03 4730493                    /home/vittal/.gradle/wrapper/dists/gradle-4.1-all/bzyivzo6n839fup2jbap0tjew/gradle-4.1/lib/plugins/gradle-announce-4.1.jar
7f4ccb96c000-7f4ccb96e000 r--s 00008000 08:03 4730413                    /home/vittal/.gradle/wrapper/dists/gradle-4.1-all/bzyivzo6n839fup2jbap0tjew/gradle-4.1/lib/gradle-kotlin-dsl-tooling-builders-0.10.3.jar
7f4ccb96e000-7f4ccb971000 r--s 0001c000 08:03 4730531                    /home/vittal/.gradle/wrapper/dists/gradle-4.1-all/bzyivzo6n839fup2jbap0tjew/gradle-4.1/lib/plugins/nekohtml-1.9.14.jar
7f4ccb971000-7f4ccb979000 r--s 00028000 08:03 4730572                    /home/vittal/.gradle/wrapper/dists/gradle-4.1-all/bzyivzo6n839fup2jbap0tjew/gradle-4.1/lib/plugins/xml-apis-1.3.04.jar
7f4ccb979000-7f4ccb991000 r--s 00115000 08:03 4730532                    /home/vittal/.gradle/wrapper/dists/gradle-4.1-all/bzyivzo6n839fup2jbap0tjew/gradle-4.1/lib/plugins/xercesImpl-2.9.1.jar
7f4ccb991000-7f4ccb997000 r--s 0005b000 08:03 4730530                    /home/vittal/.gradle/wrapper/dists/gradle-4.1-all/bzyivzo6n839fup2jbap0tjew/gradle-4.1/lib/plugins/jcifs-1.3.17.jar
7f4ccb997000-7f4ccb99e000 r--s 00049000 08:03 4730571                    /home/vittal/.gradle/wrapper/dists/gradle-4.1-all/bzyivzo6n839fup2jbap0tjew/gradle-4.1/lib/plugins/httpcore-4.4.4.jar
7f4ccb99e000-7f4ccb9a4000 r--s 00033000 08:03 4730523                    /home/vittal/.gradle/wrapper/dists/gradle-4.1-all/bzyivzo6n839fup2jbap0tjew/gradle-4.1/lib/plugins/commons-codec-1.6.jar
7f4ccb9a4000-7f4ccb9b1000 r--s 000a4000 08:03 4730516                    /home/vittal/.gradle/wrapper/dists/gradle-4.1-all/bzyivzo6n839fup2jbap0tjew/gradle-4.1/lib/plugins/httpclient-4.4.1.jar
7f4ccb9b1000-7f4ccb9b3000 r--s 0000b000 08:03 4730511                    /home/vittal/.gradle/wrapper/dists/gradle-4.1-all/bzyivzo6n839fup2jbap0tjew/gradle-4.1/lib/plugins/gradle-resources-http-4.1.jar
7f4ccb9b3000-7f4ccb9b7000 r--s 00017000 08:03 4730508                    /home/vittal/.gradle/wrapper/dists/gradle-4.1-all/bzyivzo6n839fup2jbap0tjew/gradle-4.1/lib/plugins/gradle-plugin-use-4.1.jar
7f4ccb9b7000-7f4ccb9b8000 r--s 00000000 08:03 4730419                    /home/vittal/.gradle/wrapper/dists/gradle-4.1-all/bzyivzo6n839fup2jbap0tjew/gradle-4.1/lib/gradle-runtime-api-info-4.1.jar
7f4ccb9b8000-7f4ccb9b9000 r--s 00000000 08:03 4730422                    /home/vittal/.gradle/wrapper/dists/gradle-4.1-all/bzyivzo6n839fup2jbap0tjew/gradle-4.1/lib/gradle-installation-beacon-4.1.jar
7f4ccb9b9000-7f4ccb9f9000 r--s 00277000 08:03 4730543                    /home/vittal/.gradle/wrapper/dists/gradle-4.1-all/bzyivzo6n839fup2jbap0tjew/gradle-4.1/lib/plugins/bcprov-jdk15on-1.51.jar
7f4ccb9f9000-7f4ccb9fd000 r--s 0001d000 08:03 4730542                    /home/vittal/.gradle/wrapper/dists/gradle-4.1-all/bzyivzo6n839fup2jbap0tjew/gradle-4.1/lib/plugins/xbean-reflect-3.4.jar
7f4ccb9fd000-7f4ccb9ff000 r--s 0000a000 08:03 4730544                    /home/vittal/.gradle/wrapper/dists/gradle-4.1-all/bzyivzo6n839fup2jbap0tjew/gradle-4.1/lib/plugins/maven-settings-3.0.4.jar
7f4ccb9ff000-7f4ccba02000 r--s 00008000 08:03 4730545                    /home/vittal/.gradle/wrapper/dists/gradle-4.1-all/bzyivzo6n839fup2jbap0tjew/gradle-4.1/lib/plugins/maven-settings-builder-3.0.4.jar
7f4ccba02000-7f4ccba06000 r--s 00033000 08:03 4730546                    /home/vittal/.gradle/wrapper/dists/gradle-4.1-all/bzyivzo6n839fup2jbap0tjew/gradle-4.1/lib/plugins/plexus-utils-2.0.6.jar
7f4ccba06000-7f4ccba08000 r--s 0000d000 08:03 4730547                    /home/vittal/.gradle/wrapper/dists/gradle-4.1-all/bzyivzo6n839fup2jbap0tjew/gradle-4.1/lib/plugins/plexus-interpolation-1.14.jar
7f4ccba08000-7f4ccba0a000 r--s 00000000 08:03 4730522                    /home/vittal/.gradle/wrapper/dists/gradle-4.1-all/bzyivzo6n839fup2jbap0tjew/gradle-4.1/lib/plugins/plexus-component-annotations-1.5.5.jar
7f4ccba0a000-7f4ccba11000 r--s 0002e000 08:03 4730548                    /home/vittal/.gradle/wrapper/dists/gradle-4.1-all/bzyivzo6n839fup2jbap0tjew/gradle-4.1/lib/plugins/plexus-container-default-1.5.5.jar
7f4ccba11000-7f4ccba13000 r--s 0000a000 08:03 4730549                    /home/vittal/.gradle/wrapper/dists/gradle-4.1-all/bzyivzo6n839fup2jbap0tjew/gradle-4.1/lib/plugins/plexus-classworlds-2.4.jar
7f4ccba13000-7f4ccba15000 r--s 00002000 08:03 4730550                    /home/vittal/.gradle/wrapper/dists/gradle-4.1-all/bzyivzo6n839fup2jbap0tjew/gradle-4.1/lib/plugins/plexus-cipher-1.7.jar
7f4ccba15000-7f4ccba1b000 r--s 0003f000 08:03 4730552                    /home/vittal/.gradle/wrapper/dists/gradle-4.1-all/bzyivzo6n839fup2jbap0tjew/gradle-4.1/lib/plugins/maven-compat-3.0.4.jar
7f4ccba1b000-7f4ccba1f000 r--s 00021000 08:03 4730553                    /home/vittal/.gradle/wrapper/dists/gradle-4.1-all/bzyivzo6n839fup2jbap0tjew/gradle-4.1/lib/plugins/maven-model-builder-3.0.4.jar
7f4ccba1f000-7f4ccba21000 r--s 00026000 08:03 4730554                    /home/vittal/.gradle/wrapper/dists/gradle-4.1-all/bzyivzo6n839fup2jbap0tjew/gradle-4.1/lib/plugins/maven-model-3.0.4.jar
7f4ccba21000-7f4ccba23000 r--s 0000b000 08:03 4730555                    /home/vittal/.gradle/wrapper/dists/gradle-4.1-all/bzyivzo6n839fup2jbap0tjew/gradle-4.1/lib/plugins/maven-artifact-3.0.4.jar
7f4ccba23000-7f4ccba47000 r--s 0011a000 08:03 4730514                    /home/vittal/.gradle/wrapper/dists/gradle-4.1-all/bzyivzo6n839fup2jbap0tjew/gradle-4.1/lib/plugins/gradle-dependency-management-4.1.jar
7f4ccba47000-7f4ccba5d000 r-xp 00000000 08:03 3412647                    /lib/x86_64-linux-gnu/libgcc_s.so.1
7f4ccba5d000-7f4ccbc5c000 ---p 00016000 08:03 3412647                    /lib/x86_64-linux-gnu/libgcc_s.so.1
7f4ccbc5c000-7f4ccbc5d000 rw-p 00015000 08:03 3412647                    /lib/x86_64-linux-gnu/libgcc_s.so.1
7f4ccbc5d000-7f4ccbdcf000 r-xp 00000000 08:03 1705986                    /usr/lib/x86_64-linux-gnu/libstdc++.so.6.0.21
7f4ccbdcf000-7f4ccbfcf000 ---p 00172000 08:03 1705986                    /usr/lib/x86_64-linux-gnu/libstdc++.so.6.0.21
7f4ccbfcf000-7f4ccbfd9000 r--p 00172000 08:03 1705986                    /usr/lib/x86_64-linux-gnu/libstdc++.so.6.0.21
7f4ccbfd9000-7f4ccbfdb000 rw-p 0017c000 08:03 1705986                    /usr/lib/x86_64-linux-gnu/libstdc++.so.6.0.21
7f4ccbfdb000-7f4ccbfdf000 rw-p 00000000 00:00 0 
7f4ccbfdf000-7f4ccbfe0000 r--s 00006000 08:03 4730551                    /home/vittal/.gradle/wrapper/dists/gradle-4.1-all/bzyivzo6n839fup2jbap0tjew/gradle-4.1/lib/plugins/plexus-sec-dispatcher-1.3.jar
7f4ccbfe0000-7f4ccbfe2000 r--s 00006000 08:03 4730556                    /home/vittal/.gradle/wrapper/dists/gradle-4.1-all/bzyivzo6n839fup2jbap0tjew/gradle-4.1/lib/plugins/maven-repository-metadata-3.0.4.jar
7f4ccbfe2000-7f4ccbfe4000 r--s 0000b000 08:03 4730557                    /home/vittal/.gradle/wrapper/dists/gradle-4.1-all/bzyivzo6n839fup2jbap0tjew/gradle-4.1/lib/plugins/maven-plugin-api-3.0.4.jar
7f4ccbfe4000-7f4ccbfe6000 r--s 0000c000 08:03 4730558                    /home/vittal/.gradle/wrapper/dists/gradle-4.1-all/bzyivzo6n839fup2jbap0tjew/gradle-4.1/lib/plugins/maven-aether-provider-3.0.4.jar
7f4ccbfe6000-7f4ccbfe7000 r--s 00002000 08:03 4730559                    /home/vittal/.gradle/wrapper/dists/gradle-4.1-all/bzyivzo6n839fup2jbap0tjew/gradle-4.1/lib/plugins/wagon-file-2.4.jar
7f4ccbfe7000-7f4ccbfe8000 r--s 00002000 08:03 4730560                    /home/vittal/.gradle/wrapper/dists/gradle-4.1-all/bzyivzo6n839fup2jbap0tjew/gradle-4.1/lib/plugins/wagon-http-2.4.jar
7f4ccbfe8000-7f4ccbfea000 r--s 0000b000 08:03 4730561                    /home/vittal/.gradle/wrapper/dists/gradle-4.1-all/bzyivzo6n839fup2jbap0tjew/gradle-4.1/lib/plugins/wagon-provider-api-2.4.jar
7f4ccbfea000-7f4ccbfed000 r--s 00013000 08:03 4730563                    /home/vittal/.gradle/wrapper/dists/gradle-4.1-all/bzyivzo6n839fup2jbap0tjew/gradle-4.1/lib/plugins/aether-api-1.13.1.jar
7f4ccbfed000-7f4ccbff0000 r--s 0001d000 08:03 4730564                    /home/vittal/.gradle/wrapper/dists/gradle-4.1-all/bzyivzo6n839fup2jbap0tjew/gradle-4.1/lib/plugins/aether-impl-1.13.1.jar
7f4ccbff0000-7f4ccbff4000 r--s 0001c000 08:03 4730566                    /home/vittal/.gradle/wrapper/dists/gradle-4.1-all/bzyivzo6n839fup2jbap0tjew/gradle-4.1/lib/plugins/aether-util-1.13.1.jar
7f4ccbff4000-7f4ccc000000 r--s 0007d000 08:03 4730519                    /home/vittal/.gradle/wrapper/dists/gradle-4.1-all/bzyivzo6n839fup2jbap0tjew/gradle-4.1/lib/plugins/maven-core-3.0.4.jar
7f4ccc000000-7f4ccc021000 rw-p 00000000 00:00 0 
7f4ccc021000-7f4cd0000000 ---p 00000000 00:00 0 
7f4cd0000000-7f4cd0021000 rw-p 00000000 00:00 0 
7f4cd0021000-7f4cd4000000 ---p 00000000 00:00 0 
7f4cd4000000-7f4cd5c0e000 rw-p 00000000 00:00 0 
7f4cd5c0e000-7f4cd8000000 ---p 00000000 00:00 0 
7f4cd8000000-7f4cd8e16000 rw-p 00000000 00:00 0 
7f4cd8e16000-7f4cdc000000 ---p 00000000 00:00 0 
7f4cdc000000-7f4cdc021000 rw-p 00000000 00:00 0 
7f4cdc021000-7f4ce0000000 ---p 00000000 00:00 0 
7f4ce0000000-7f4ce1c41000 rw-p 00000000 00:00 0 
7f4ce1c41000-7f4ce4000000 ---p 00000000 00:00 0 
7f4ce4000000-7f4ce4021000 rw-p 00000000 00:00 0 
7f4ce4021000-7f4ce8000000 ---p 00000000 00:00 0 
7f4ce8000000-7f4ce8021000 rw-p 00000000 00:00 0 
7f4ce8021000-7f4cec000000 ---p 00000000 00:00 0 
7f4cec000000-7f4cec021000 rw-p 00000000 00:00 0 
7f4cec021000-7f4cf0000000 ---p 00000000 00:00 0 
7f4cf0000000-7f4cf0021000 rw-p 00000000 00:00 0 
7f4cf0021000-7f4cf4000000 ---p 00000000 00:00 0 
7f4cf4000000-7f4cf4021000 rw-p 00000000 00:00 0 
7f4cf4021000-7f4cf8000000 ---p 00000000 00:00 0 
7f4cf8000000-7f4cf8001000 r--s 00007000 08:03 4730562                    /home/vittal/.gradle/wrapper/dists/gradle-4.1-all/bzyivzo6n839fup2jbap0tjew/gradle-4.1/lib/plugins/wagon-http-shared4-2.4.jar
7f4cf8001000-7f4cf8002000 r--s 00003000 08:03 4730565                    /home/vittal/.gradle/wrapper/dists/gradle-4.1-all/bzyivzo6n839fup2jbap0tjew/gradle-4.1/lib/plugins/aether-spi-1.13.1.jar
7f4cf8002000-7f4cf8011000 r--s 000d9000 08:03 4730533                    /home/vittal/.gradle/wrapper/dists/gradle-4.1-all/bzyivzo6n839fup2jbap0tjew/gradle-4.1/lib/plugins/ivy-2.2.0.jar
7f4cf8011000-7f4cf8016000 r-xp 00000000 08:03 4734546                    /home/vittal/.gradle/native/25/linux-amd64/libnative-platform.so
7f4cf8016000-7f4cf8215000 ---p 00005000 08:03 4734546                    /home/vittal/.gradle/native/25/linux-amd64/libnative-platform.so
7f4cf8215000-7f4cf8216000 rw-p 00004000 08:03 4734546                    /home/vittal/.gradle/native/25/linux-amd64/libnative-platform.so
7f4cf8216000-7f4cf8227000 r-xp 00000000 08:03 1843767                    /usr/local/android-studio/jre/jre/lib/amd64/libnio.so
7f4cf8227000-7f4cf8426000 ---p 00011000 08:03 1843767                    /usr/local/android-studio/jre/jre/lib/amd64/libnio.so
7f4cf8426000-7f4cf8427000 r--p 00010000 08:03 1843767                    /usr/local/android-studio/jre/jre/lib/amd64/libnio.so
7f4cf8427000-7f4cf8428000 rw-p 00011000 08:03 1843767                    /usr/local/android-studio/jre/jre/lib/amd64/libnio.so
7f4cf8428000-7f4cfb429000 rw-p 00000000 00:00 0 
7f4cfb429000-7f4cfb43f000 r-xp 00000000 08:03 1843769                    /usr/local/android-studio/jre/jre/lib/amd64/libnet.so
7f4cfb43f000-7f4cfb63f000 ---p 00016000 08:03 1843769                    /usr/local/android-studio/jre/jre/lib/amd64/libnet.so
7f4cfb63f000-7f4cfb640000 r--p 00016000 08:03 1843769                    /usr/local/android-studio/jre/jre/lib/amd64/libnet.so
7f4cfb640000-7f4cfb641000 rw-p 00017000 08:03 1843769                    /usr/local/android-studio/jre/jre/lib/amd64/libnet.so
7f4cfb641000-7f4cfc000000 r--p 00000000 08:03 1711367                    /usr/lib/locale/locale-archive
7f4cfc000000-7f4cfc021000 rw-p 00000000 00:00 0 
7f4cfc021000-7f4d00000000 ---p 00000000 00:00 0 
7f4d00000000-7f4d00002000 r--s 00006000 08:03 4730567                    /home/vittal/.gradle/wrapper/dists/gradle-4.1-all/bzyivzo6n839fup2jbap0tjew/gradle-4.1/lib/plugins/aether-connector-wagon-1.13.1.jar
7f4d00002000-7f4d00007000 r--s 00034000 08:03 4730526                    /home/vittal/.gradle/wrapper/dists/gradle-4.1-all/bzyivzo6n839fup2jbap0tjew/gradle-4.1/lib/plugins/gson-2.7.jar
7f4d00007000-7f4d0000c000 r--s 00040000 08:03 4730534                    /home/vittal/.gradle/wrapper/dists/gradle-4.1-all/bzyivzo6n839fup2jbap0tjew/gradle-4.1/lib/plugins/jsch-0.1.54.jar
7f4d0000c000-7f4d0000f000 r--s 0000d000 08:03 4730513                    /home/vittal/.gradle/wrapper/dists/gradle-4.1-all/bzyivzo6n839fup2jbap0tjew/gradle-4.1/lib/plugins/gradle-workers-4.1.jar
7f4d0000f000-7f4d00010000 r--s 00006000 08:03 4730421                    /home/vittal/.gradle/wrapper/dists/gradle-4.1-all/bzyivzo6n839fup2jbap0tjew/gradle-4.1/lib/gradle-wrapper-4.1.jar
7f4d00010000-7f4d0001d000 r--s 00043000 08:03 4730420                    /home/vittal/.gradle/wrapper/dists/gradle-4.1-all/bzyivzo6n839fup2jbap0tjew/gradle-4.1/lib/gradle-tooling-api-4.1.jar
7f4d0001d000-7f4d0002c000 r--s 000c8000 08:03 4730417                    /home/vittal/.gradle/wrapper/dists/gradle-4.1-all/bzyivzo6n839fup2jbap0tjew/gradle-4.1/lib/kotlin-stdlib-1.1.3-2.jar
7f4d0002c000-7f4d0005e000 r--s 0021b000 08:03 4730416                    /home/vittal/.gradle/wrapper/dists/gradle-4.1-all/bzyivzo6n839fup2jbap0tjew/gradle-4.1/lib/kotlin-reflect-1.1.3-2.jar
7f4d0005e000-7f4d00215000 r--s 01786000 08:03 4730415                    /home/vittal/.gradle/wrapper/dists/gradle-4.1-all/bzyivzo6n839fup2jbap0tjew/gradle-4.1/lib/kotlin-compiler-embeddable-1.1.3-2.jar
7f4d00215000-7f4d00216000 r--s 00000000 08:03 4730414                    /home/vittal/.gradle/wrapper/dists/gradle-4.1-all/bzyivzo6n839fup2jbap0tjew/gradle-4.1/lib/gradle-kotlin-dsl-tooling-models-0.10.3.jar
7f4d00216000-7f4d00217000 r--s 00001000 08:03 4730412                    /home/vittal/.gradle/wrapper/dists/gradle-4.1-all/bzyivzo6n839fup2jbap0tjew/gradle-4.1/lib/gradle-kotlin-dsl-compiler-plugin-0.10.3.jar
7f4d00217000-7f4d00219000 r--s 00003000 08:03 4730410                    /home/vittal/.gradle/wrapper/dists/gradle-4.1-all/bzyivzo6n839fup2jbap0tjew/gradle-4.1/lib/annotations-13.0.jar
7f4d00219000-7f4d00223000 r--s 00073000 08:03 4730411                    /home/vittal/.gradle/wrapper/dists/gradle-4.1-all/bzyivzo6n839fup2jbap0tjew/gradle-4.1/lib/gradle-kotlin-dsl-0.10.3.jar
7f4d00223000-7f4d00228000 r--s 00013000 08:03 4730427                    /home/vittal/.gradle/wrapper/dists/gradle-4.1-all/bzyivzo6n839fup2jbap0tjew/gradle-4.1/lib/gradle-resources-4.1.jar
7f4d00228000-7f4d0022a000 r--s 00005000 08:03 4730434                    /home/vittal/.gradle/wrapper/dists/gradle-4.1-all/bzyivzo6n839fup2jbap0tjew/gradle-4.1/lib/gradle-cli-4.1.jar
7f4d0022a000-7f4d0022c000 r--s 00003000 08:03 4730441                    /home/vittal/.gradle/wrapper/dists/gradle-4.1-all/bzyivzo6n839fup2jbap0tjew/gradle-4.1/lib/jcl-over-slf4j-1.7.10.jar
7f4d0022c000-7f4d0022d000 r--s 00005000 08:03 4730440                    /home/vittal/.gradle/wrapper/dists/gradle-4.1-all/bzyivzo6n839fup2jbap0tjew/gradle-4.1/lib/log4j-over-slf4j-1.7.10.jar
7f4d0022d000-7f4d0022f000 r--s 00000000 08:03 4730439                    /home/vittal/.gradle/wrapper/dists/gradle-4.1-all/bzyivzo6n839fup2jbap0tjew/gradle-4.1/lib/jul-to-slf4j-1.7.10.jar
7f4d0022f000-7f4d00236000 r--s 0002c000 08:03 4730425                    /home/vittal/.gradle/wrapper/dists/gradle-4.1-all/bzyivzo6n839fup2jbap0tjew/gradle-4.1/lib/gradle-logging-4.1.jar
7f4d00236000-7f4d00246000 r--s 00082000 08:03 4730430                    /home/vittal/.gradle/wrapper/dists/gradle-4.1-all/bzyivzo6n839fup2jbap0tjew/gradle-4.1/lib/gradle-model-core-4.1.jar
7f4d00246000-7f4d00248000 r--s 00006000 08:03 4730431                    /home/vittal/.gradle/wrapper/dists/gradle-4.1-all/bzyivzo6n839fup2jbap0tjew/gradle-4.1/lib/gradle-base-services-groovy-4.1.jar
7f4d00248000-7f4d0024a000 r--s 00007000 08:03 4730429                    /home/vittal/.gradle/wrapper/dists/gradle-4.1-all/bzyivzo6n839fup2jbap0tjew/gradle-4.1/lib/gradle-model-groovy-4.1.jar
7f4d0024a000-7f4d0024b000 r--s 00002000 08:03 4730452                    /home/vittal/.gradle/wrapper/dists/gradle-4.1-all/bzyivzo6n839fup2jbap0tjew/gradle-4.1/lib/gradle-docs-4.1.jar
7f4d0024b000-7f4d00258000 r--s 00083000 08:03 4730450                    /home/vittal/.gradle/wrapper/dists/gradle-4.1-all/bzyivzo6n839fup2jbap0tjew/gradle-4.1/lib/commons-collections-3.2.2.jar
7f4d00258000-7f4d00259000 r--s 00000000 08:03 4730449                    /home/vittal/.gradle/wrapper/dists/gradle-4.1-all/bzyivzo6n839fup2jbap0tjew/gradle-4.1/lib/javax.inject-1.jar
7f4d00259000-7f4d002c9000 r--s 00645000 08:03 4730447                    /home/vittal/.gradle/wrapper/dists/gradle-4.1-all/bzyivzo6n839fup2jbap0tjew/gradle-4.1/lib/groovy-all-2.4.11.jar
7f4d002c9000-7f4d002cc000 r--s 00023000 08:03 4730453                    /home/vittal/.gradle/wrapper/dists/gradle-4.1-all/bzyivzo6n839fup2jbap0tjew/gradle-4.1/lib/jansi-1.14.jar
7f4d002cc000-7f4d002cd000 r--s 00004000 08:03 4730455                    /home/vittal/.gradle/wrapper/dists/gradle-4.1-all/bzyivzo6n839fup2jbap0tjew/gradle-4.1/lib/native-platform-freebsd-amd64-libcpp-0.14.jar
7f4d002cd000-7f4d002ce000 r--s 00004000 08:03 4730456                    /home/vittal/.gradle/wrapper/dists/gradle-4.1-all/bzyivzo6n839fup2jbap0tjew/gradle-4.1/lib/native-platform-freebsd-amd64-libstdcpp-0.14.jar
7f4d002ce000-7f4d002cf000 r--s 00004000 08:03 4730457                    /home/vittal/.gradle/wrapper/dists/gradle-4.1-all/bzyivzo6n839fup2jbap0tjew/gradle-4.1/lib/native-platform-freebsd-i386-libcpp-0.14.jar
7f4d002cf000-7f4d002d0000 r--s 00003000 08:03 4730458                    /home/vittal/.gradle/wrapper/dists/gradle-4.1-all/bzyivzo6n839fup2jbap0tjew/gradle-4.1/lib/native-platform-freebsd-i386-libstdcpp-0.14.jar
7f4d002d0000-7f4d002d1000 r--s 00002000 08:03 4730459                    /home/vittal/.gradle/wrapper/dists/gradle-4.1-all/bzyivzo6n839fup2jbap0tjew/gradle-4.1/lib/native-platform-linux-amd64-0.14.jar
7f4d002d1000-7f4d002d2000 r--s 00002000 08:03 4730460                    /home/vittal/.gradle/wrapper/dists/gradle-4.1-all/bzyivzo6n839fup2jbap0tjew/gradle-4.1/lib/native-platform-linux-i386-0.14.jar
7f4d002d2000-7f4d002d4000 r--s 00002000 08:03 4730461                    /home/vittal/.gradle/wrapper/dists/gradle-4.1-all/bzyivzo6n839fup2jbap0tjew/gradle-4.1/lib/native-platform-osx-amd64-0.14.jar
7f4d002d4000-7f4d002d5000 r--s 00003000 08:03 4730462                    /home/vittal/.gradle/wrapper/dists/gradle-4.1-all/bzyivzo6n839fup2jbap0tjew/gradle-4.1/lib/native-platform-osx-i386-0.14.jar
7f4d002d5000-7f4d002d7000 r--s 0000b000 08:03 4730463                    /home/vittal/.gradle/wrapper/dists/gradle-4.1-all/bzyivzo6n839fup2jbap0tjew/gradle-4.1/lib/native-platform-windows-amd64-0.14.jar
7f4d002d7000-7f4d002d8000 r--s 0000b000 08:03 4730464                    /home/vittal/.gradle/wrapper/dists/gradle-4.1-all/bzyivzo6n839fup2jbap0tjew/gradle-4.1/lib/native-platform-windows-i386-0.14.jar
7f4d002d8000-7f4d002d9000 r--s 00001000 08:03 4730465                    /home/vittal/.gradle/wrapper/dists/gradle-4.1-all/bzyivzo6n839fup2jbap0tjew/gradle-4.1/lib/native-platform-linux-amd64-ncurses5-0.14.jar
7f4d002d9000-7f4d002da000 r--s 00001000 08:03 4730466                    /home/vittal/.gradle/wrapper/dists/gradle-4.1-all/bzyivzo6n839fup2jbap0tjew/gradle-4.1/lib/native-platform-linux-amd64-ncurses6-0.14.jar
7f4d002da000-7f4d002db000 r--s 00001000 08:03 4730467                    /home/vittal/.gradle/wrapper/dists/gradle-4.1-all/bzyivzo6n839fup2jbap0tjew/gradle-4.1/lib/native-platform-linux-i386-ncurses5-0.14.jar
7f4d002db000-7f4d002dc000 r--s 00001000 08:03 4730468                    /home/vittal/.gradle/wrapper/dists/gradle-4.1-all/bzyivzo6n839fup2jbap0tjew/gradle-4.1/lib/native-platform-linux-i386-ncurses6-0.14.jar
7f4d002dc000-7f4d002e0000 r--s 00012000 08:03 4730451                    /home/vittal/.gradle/wrapper/dists/gradle-4.1-all/bzyivzo6n839fup2jbap0tjew/gradle-4.1/lib/native-platform-0.14.jar
7f4d002e0000-7f4d002e3000 r--s 0000c000 08:03 4730428                    /home/vittal/.gradle/wrapper/dists/gradle-4.1-all/bzyivzo6n839fup2jbap0tjew/gradle-4.1/lib/gradle-native-4.1.jar
7f4d002e3000-7f4d002e5000 r--s 0000f000 08:03 4730436                    /home/vittal/.gradle/wrapper/dists/gradle-4.1-all/bzyivzo6n839fup2jbap0tjew/gradle-4.1/lib/reflectasm-1.07-shaded.jar
7f4d002e5000-7f4d002e7000 r--s 00000000 08:03 4730469                    /home/vittal/.gradle/wrapper/dists/gradle-4.1-all/bzyivzo6n839fup2jbap0tjew/gradle-4.1/lib/minlog-1.2.jar
7f4d002e7000-7f4d002e9000 r--s 00007000 08:03 4730470                    /home/vittal/.gradle/wrapper/dists/gradle-4.1-all/bzyivzo6n839fup2jbap0tjew/gradle-4.1/lib/objenesis-1.2.jar
7f4d002e9000-7f4d002ed000 r--s 00026000 08:03 4730435                    /home/vittal/.gradle/wrapper/dists/gradle-4.1-all/bzyivzo6n839fup2jbap0tjew/gradle-4.1/lib/kryo-2.20.jar
7f4d002ed000-7f4d002f3000 r--s 0002b000 08:03 4730432                    /home/vittal/.gradle/wrapper/dists/gradle-4.1-all/bzyivzo6n839fup2jbap0tjew/gradle-4.1/lib/gradle-messaging-4.1.jar
7f4d002f3000-7f4d002f4000 ---p 00000000 00:00 0 
7f4d002f4000-7f4d003f4000 rw-p 00000000 00:00 0 
7f4d003f4000-7f4d003f7000 ---p 00000000 00:00 0 
7f4d003f7000-7f4d004f5000 rw-p 00000000 00:00 0 
7f4d004f5000-7f4d004f8000 ---p 00000000 00:00 0 
7f4d004f8000-7f4d005f6000 rw-p 00000000 00:00 0 
7f4d005f6000-7f4d005f9000 ---p 00000000 00:00 0 
7f4d005f9000-7f4d006f7000 rw-p 00000000 00:00 0 
7f4d006f7000-7f4d006fa000 ---p 00000000 00:00 0 
7f4d006fa000-7f4d007f8000 rw-p 00000000 00:00 0 
7f4d007f8000-7f4d007fb000 ---p 00000000 00:00 0 
7f4d007fb000-7f4d008f9000 rw-p 00000000 00:00 0 
7f4d008f9000-7f4d008fc000 ---p 00000000 00:00 0 
7f4d008fc000-7f4d009fa000 rw-p 00000000 00:00 0 
7f4d009fa000-7f4d009fd000 ---p 00000000 00:00 0 
7f4d009fd000-7f4d00afb000 rw-p 00000000 00:00 0 
7f4d00afb000-7f4d00afc000 ---p 00000000 00:00 0 
7f4d00afc000-7f4d04000000 rw-p 00000000 00:00 0 
7f4d04000000-7f4d04024000 rw-p 00000000 00:00 0 
7f4d04024000-7f4d08000000 ---p 00000000 00:00 0 
7f4d08000000-7f4d08005000 r--s 00041000 08:03 4730445                    /home/vittal/.gradle/wrapper/dists/gradle-4.1-all/bzyivzo6n839fup2jbap0tjew/gradle-4.1/lib/commons-lang-2.6.jar
7f4d08005000-7f4d0802d000 r--s 001cf000 08:03 4730443                    /home/vittal/.gradle/wrapper/dists/gradle-4.1-all/bzyivzo6n839fup2jbap0tjew/gradle-4.1/lib/guava-jdk5-17.0.jar
7f4d0802d000-7f4d0804c000 r--s 001d1000 08:03 4730448                    /home/vittal/.gradle/wrapper/dists/gradle-4.1-all/bzyivzo6n839fup2jbap0tjew/gradle-4.1/lib/ant-1.9.6.jar
7f4d0804c000-7f4d08096000 r--s 00253000 08:03 4730423                    /home/vittal/.gradle/wrapper/dists/gradle-4.1-all/bzyivzo6n839fup2jbap0tjew/gradle-4.1/lib/gradle-core-4.1.jar
7f4d08096000-7f4d09000000 rw-p 00000000 00:00 0 
7f4d09000000-7f4d09d20000 rwxp 00000000 00:00 0 
7f4d09d20000-7f4d18000000 ---p 00000000 00:00 0 
7f4d18000000-7f4d18c67000 rw-p 00000000 00:00 0 
7f4d18c67000-7f4d1c000000 ---p 00000000 00:00 0 
7f4d1c000000-7f4d1c002000 r--s 00006000 08:03 4730426                    /home/vittal/.gradle/wrapper/dists/gradle-4.1-all/bzyivzo6n839fup2jbap0tjew/gradle-4.1/lib/gradle-process-services-4.1.jar
7f4d1c002000-7f4d1c475000 rw-p 00000000 00:00 0 
7f4d1c475000-7f4d1c645000 r--s 03c46000 08:03 1843723                    /usr/local/android-studio/jre/jre/lib/rt.jar
7f4d1c645000-7f4d1c9bb000 rw-p 00000000 00:00 0 
7f4d1c9bb000-7f4d1c9bc000 ---p 00000000 00:00 0 
7f4d1c9bc000-7f4d1cabc000 rw-p 00000000 00:00 0 
7f4d1cabc000-7f4d1cabd000 ---p 00000000 00:00 0 
7f4d1cabd000-7f4d1cbbd000 rw-p 00000000 00:00 0 
7f4d1cbbd000-7f4d1cbbe000 ---p 00000000 00:00 0 
7f4d1cbbe000-7f4d1ccbe000 rw-p 00000000 00:00 0 
7f4d1ccbe000-7f4d1ccbf000 ---p 00000000 00:00 0 
7f4d1ccbf000-7f4d1cddb000 rw-p 00000000 00:00 0 
7f4d1cddb000-7f4d1cfbf000 ---p 00000000 00:00 0 
7f4d1cfbf000-7f4d1cfdb000 rw-p 00000000 00:00 0 
7f4d1cfdb000-7f4d1d1bf000 ---p 00000000 00:00 0 
7f4d1d1bf000-7f4d1d234000 rw-p 00000000 00:00 0 
7f4d1d234000-7f4d1d2bf000 ---p 00000000 00:00 0 
7f4d1d2bf000-7f4d1d2f5000 rw-p 00000000 00:00 0 
7f4d1d2f5000-7f4d1d680000 ---p 00000000 00:00 0 
7f4d1d680000-7f4d1d69a000 r-xp 00000000 08:03 1843744                    /usr/local/android-studio/jre/jre/lib/amd64/libzip.so
7f4d1d69a000-7f4d1d89a000 ---p 0001a000 08:03 1843744                    /usr/local/android-studio/jre/jre/lib/amd64/libzip.so
7f4d1d89a000-7f4d1d89b000 r--p 0001a000 08:03 1843744                    /usr/local/android-studio/jre/jre/lib/amd64/libzip.so
7f4d1d89b000-7f4d1d89c000 rw-p 0001b000 08:03 1843744                    /usr/local/android-studio/jre/jre/lib/amd64/libzip.so
7f4d1d89c000-7f4d1d8a7000 r-xp 00000000 08:03 3407955                    /lib/x86_64-linux-gnu/libnss_files-2.23.so
7f4d1d8a7000-7f4d1daa6000 ---p 0000b000 08:03 3407955                    /lib/x86_64-linux-gnu/libnss_files-2.23.so
7f4d1daa6000-7f4d1daa7000 r--p 0000a000 08:03 3407955                    /lib/x86_64-linux-gnu/libnss_files-2.23.so
7f4d1daa7000-7f4d1daa8000 rw-p 0000b000 08:03 3407955                    /lib/x86_64-linux-gnu/libnss_files-2.23.so
7f4d1daa8000-7f4d1daae000 rw-p 00000000 00:00 0 
7f4d1daae000-7f4d1dab9000 r-xp 00000000 08:03 3407958                    /lib/x86_64-linux-gnu/libnss_nis-2.23.so
7f4d1dab9000-7f4d1dcb8000 ---p 0000b000 08:03 3407958                    /lib/x86_64-linux-gnu/libnss_nis-2.23.so
7f4d1dcb8000-7f4d1dcb9000 r--p 0000a000 08:03 3407958                    /lib/x86_64-linux-gnu/libnss_nis-2.23.so
7f4d1dcb9000-7f4d1dcba000 rw-p 0000b000 08:03 3407958                    /lib/x86_64-linux-gnu/libnss_nis-2.23.so
7f4d1dcba000-7f4d1dcd0000 r-xp 00000000 08:03 3407877                    /lib/x86_64-linux-gnu/libnsl-2.23.so
7f4d1dcd0000-7f4d1decf000 ---p 00016000 08:03 3407877                    /lib/x86_64-linux-gnu/libnsl-2.23.so
7f4d1decf000-7f4d1ded0000 r--p 00015000 08:03 3407877                    /lib/x86_64-linux-gnu/libnsl-2.23.so
7f4d1ded0000-7f4d1ded1000 rw-p 00016000 08:03 3407877                    /lib/x86_64-linux-gnu/libnsl-2.23.so
7f4d1ded1000-7f4d1ded3000 rw-p 00000000 00:00 0 
7f4d1ded3000-7f4d1dedb000 r-xp 00000000 08:03 3407964                    /lib/x86_64-linux-gnu/libnss_compat-2.23.so
7f4d1dedb000-7f4d1e0da000 ---p 00008000 08:03 3407964                    /lib/x86_64-linux-gnu/libnss_compat-2.23.so
7f4d1e0da000-7f4d1e0db000 r--p 00007000 08:03 3407964                    /lib/x86_64-linux-gnu/libnss_compat-2.23.so
7f4d1e0db000-7f4d1e0dc000 rw-p 00008000 08:03 3407964                    /lib/x86_64-linux-gnu/libnss_compat-2.23.so
7f4d1e0dc000-7f4d1e109000 r-xp 00000000 08:03 1843743                    /usr/local/android-studio/jre/jre/lib/amd64/libjava.so
7f4d1e109000-7f4d1e308000 ---p 0002d000 08:03 1843743                    /usr/local/android-studio/jre/jre/lib/amd64/libjava.so
7f4d1e308000-7f4d1e309000 r--p 0002c000 08:03 1843743                    /usr/local/android-studio/jre/jre/lib/amd64/libjava.so
7f4d1e309000-7f4d1e30b000 rw-p 0002d000 08:03 1843743                    /usr/local/android-studio/jre/jre/lib/amd64/libjava.so
7f4d1e30b000-7f4d1e31b000 r-xp 00000000 08:03 1843749                    /usr/local/android-studio/jre/jre/lib/amd64/libverify.so
7f4d1e31b000-7f4d1e51a000 ---p 00010000 08:03 1843749                    /usr/local/android-studio/jre/jre/lib/amd64/libverify.so
7f4d1e51a000-7f4d1e51c000 r--p 0000f000 08:03 1843749                    /usr/local/android-studio/jre/jre/lib/amd64/libverify.so
7f4d1e51c000-7f4d1e51d000 rw-p 00011000 08:03 1843749                    /usr/local/android-studio/jre/jre/lib/amd64/libverify.so
7f4d1e51d000-7f4d1e524000 r-xp 00000000 08:03 3407960                    /lib/x86_64-linux-gnu/librt-2.23.so
7f4d1e524000-7f4d1e723000 ---p 00007000 08:03 3407960                    /lib/x86_64-linux-gnu/librt-2.23.so
7f4d1e723000-7f4d1e724000 r--p 00006000 08:03 3407960                    /lib/x86_64-linux-gnu/librt-2.23.so
7f4d1e724000-7f4d1e725000 rw-p 00007000 08:03 3407960                    /lib/x86_64-linux-gnu/librt-2.23.so
7f4d1e725000-7f4d1e82d000 r-xp 00000000 08:03 3407969                    /lib/x86_64-linux-gnu/libm-2.23.so
7f4d1e82d000-7f4d1ea2c000 ---p 00108000 08:03 3407969                    /lib/x86_64-linux-gnu/libm-2.23.so
7f4d1ea2c000-7f4d1ea2d000 r--p 00107000 08:03 3407969                    /lib/x86_64-linux-gnu/libm-2.23.so
7f4d1ea2d000-7f4d1ea2e000 rw-p 00108000 08:03 3407969                    /lib/x86_64-linux-gnu/libm-2.23.so
7f4d1ea2e000-7f4d1f626000 r-xp 00000000 08:03 1843753                    /usr/local/android-studio/jre/jre/lib/amd64/server/libjvm.so
7f4d1f626000-7f4d1f826000 ---p 00bf8000 08:03 1843753                    /usr/local/android-studio/jre/jre/lib/amd64/server/libjvm.so
7f4d1f826000-7f4d1f8c5000 r--p 00bf8000 08:03 1843753                    /usr/local/android-studio/jre/jre/lib/amd64/server/libjvm.so
7f4d1f8c5000-7f4d1f8ee000 rw-p 00c97000 08:03 1843753                    /usr/local/android-studio/jre/jre/lib/amd64/server/libjvm.so
7f4d1f8ee000-7f4d1f932000 rw-p 00000000 00:00 0 
7f4d1f932000-7f4d1f94a000 r-xp 00000000 08:03 3407957                    /lib/x86_64-linux-gnu/libpthread-2.23.so
7f4d1f94a000-7f4d1fb49000 ---p 00018000 08:03 3407957                    /lib/x86_64-linux-gnu/libpthread-2.23.so
7f4d1fb49000-7f4d1fb4a000 r--p 00017000 08:03 3407957                    /lib/x86_64-linux-gnu/libpthread-2.23.so
7f4d1fb4a000-7f4d1fb4b000 rw-p 00018000 08:03 3407957                    /lib/x86_64-linux-gnu/libpthread-2.23.so
7f4d1fb4b000-7f4d1fb4f000 rw-p 00000000 00:00 0 
7f4d1fb4f000-7f4d1fb52000 r-xp 00000000 08:03 3407963                    /lib/x86_64-linux-gnu/libdl-2.23.so
7f4d1fb52000-7f4d1fd51000 ---p 00003000 08:03 3407963                    /lib/x86_64-linux-gnu/libdl-2.23.so
7f4d1fd51000-7f4d1fd52000 r--p 00002000 08:03 3407963                    /lib/x86_64-linux-gnu/libdl-2.23.so
7f4d1fd52000-7f4d1fd53000 rw-p 00003000 08:03 3407963                    /lib/x86_64-linux-gnu/libdl-2.23.so
7f4d1fd53000-7f4d1ff13000 r-xp 00000000 08:03 3412628                    /lib/x86_64-linux-gnu/libc-2.23.so
7f4d1ff13000-7f4d20113000 ---p 001c0000 08:03 3412628                    /lib/x86_64-linux-gnu/libc-2.23.so
7f4d20113000-7f4d20117000 r--p 001c0000 08:03 3412628                    /lib/x86_64-linux-gnu/libc-2.23.so
7f4d20117000-7f4d20119000 rw-p 001c4000 08:03 3412628                    /lib/x86_64-linux-gnu/libc-2.23.so
7f4d20119000-7f4d2011d000 rw-p 00000000 00:00 0 
7f4d2011d000-7f4d20133000 r-xp 00000000 08:03 1843692                    /usr/local/android-studio/jre/lib/amd64/jli/libjli.so
7f4d20133000-7f4d20332000 ---p 00016000 08:03 1843692                    /usr/local/android-studio/jre/lib/amd64/jli/libjli.so
7f4d20332000-7f4d20333000 r--p 00015000 08:03 1843692                    /usr/local/android-studio/jre/lib/amd64/jli/libjli.so
7f4d20333000-7f4d20334000 rw-p 00016000 08:03 1843692                    /usr/local/android-studio/jre/lib/amd64/jli/libjli.so
7f4d20334000-7f4d2035a000 r-xp 00000000 08:03 3407886                    /lib/x86_64-linux-gnu/ld-2.23.so
7f4d2035a000-7f4d2035c000 r--s 00000000 08:03 4730424                    /home/vittal/.gradle/wrapper/dists/gradle-4.1-all/bzyivzo6n839fup2jbap0tjew/gradle-4.1/lib/gradle-jvm-services-4.1.jar
7f4d2035c000-7f4d2035f000 r--s 00006000 08:03 4730444                    /home/vittal/.gradle/wrapper/dists/gradle-4.1-all/bzyivzo6n839fup2jbap0tjew/gradle-4.1/lib/jsr305-1.3.9.jar
7f4d2035f000-7f4d20363000 r--s 00027000 08:03 4730438                    /home/vittal/.gradle/wrapper/dists/gradle-4.1-all/bzyivzo6n839fup2jbap0tjew/gradle-4.1/lib/commons-io-2.2.jar
7f4d20363000-7f4d2036f000 r--s 00053000 08:03 4730433                    /home/vittal/.gradle/wrapper/dists/gradle-4.1-all/bzyivzo6n839fup2jbap0tjew/gradle-4.1/lib/gradle-base-services-4.1.jar
7f4d2036f000-7f4d20431000 rw-p 00000000 00:00 0 
7f4d20431000-7f4d20434000 ---p 00000000 00:00 0 
7f4d20434000-7f4d20536000 rw-p 00000000 00:00 0 
7f4d20536000-7f4d20537000 r--s 00000000 08:03 4730446                    /home/vittal/.gradle/wrapper/dists/gradle-4.1-all/bzyivzo6n839fup2jbap0tjew/gradle-4.1/lib/jcip-annotations-1.0.jar
7f4d20537000-7f4d20538000 r--s 00007000 08:03 4730442                    /home/vittal/.gradle/wrapper/dists/gradle-4.1-all/bzyivzo6n839fup2jbap0tjew/gradle-4.1/lib/slf4j-api-1.7.10.jar
7f4d20538000-7f4d20540000 r--s 000bd000 08:03 4730437                    /home/vittal/.gradle/wrapper/dists/gradle-4.1-all/bzyivzo6n839fup2jbap0tjew/gradle-4.1/lib/asm-debug-all-6.0_ALPHA.jar
7f4d20540000-7f4d20541000 r--s 00004000 08:03 4730454                    /home/vittal/.gradle/wrapper/dists/gradle-4.1-all/bzyivzo6n839fup2jbap0tjew/gradle-4.1/lib/ant-launcher-1.9.6.jar
7f4d20541000-7f4d2054d000 r--s 0005c000 08:03 4730418                    /home/vittal/.gradle/wrapper/dists/gradle-4.1-all/bzyivzo6n839fup2jbap0tjew/gradle-4.1/lib/gradle-launcher-4.1.jar
7f4d2054d000-7f4d20555000 rw-s 00000000 08:03 918142                     /tmp/hsperfdata_vittal/4119
7f4d20555000-7f4d20556000 rw-p 00000000 00:00 0 
7f4d20556000-7f4d20557000 r--p 00000000 00:00 0 
7f4d20557000-7f4d20559000 rw-p 00000000 00:00 0 
7f4d20559000-7f4d2055a000 r--p 00025000 08:03 3407886                    /lib/x86_64-linux-gnu/ld-2.23.so
7f4d2055a000-7f4d2055b000 rw-p 00026000 08:03 3407886                    /lib/x86_64-linux-gnu/ld-2.23.so
7f4d2055b000-7f4d2055c000 rw-p 00000000 00:00 0 
7ffc62d78000-7ffc62d99000 rw-p 00000000 00:00 0                          [stack]
7ffc62dca000-7ffc62dcc000 r--p 00000000 00:00 0                          [vvar]
7ffc62dcc000-7ffc62dce000 r-xp 00000000 00:00 0                          [vdso]
ffffffffff600000-ffffffffff601000 r-xp 00000000 00:00 0                  [vsyscall]

VM Arguments:
jvm_args: -Xmx1536m -Dfile.encoding=UTF-8 -Duser.country=IN -Duser.language=en -Duser.variant 
java_command: org.gradle.launcher.daemon.bootstrap.GradleDaemon 4.1
java_class_path (initial): /home/vittal/.gradle/wrapper/dists/gradle-4.1-all/bzyivzo6n839fup2jbap0tjew/gradle-4.1/lib/gradle-launcher-4.1.jar
Launcher Type: SUN_STANDARD

Environment Variables:
JAVA_HOME=/usr/lib/jvm/java-8-oracle
PATH=/home/vittal/bin:/home/vittal/.local/bin:/usr/local/sbin:/usr/local/bin:/usr/sbin:/usr/bin:/sbin:/bin:/usr/games:/usr/local/games:/snap/bin:/usr/lib/jvm/java-8-oracle/bin:/usr/lib/jvm/java-8-oracle/db/bin:/usr/lib/jvm/java-8-oracle/jre/bin
LD_LIBRARY_PATH=/usr/local/android-studio/bin:
SHELL=/bin/bash
DISPLAY=:0

Signal Handlers:
SIGSEGV: [libjvm.so+0x9ebc60], sa_mask[0]=11111111011111111101111111111110, sa_flags=SA_RESTART|SA_SIGINFO
SIGBUS: [libjvm.so+0x9ebc60], sa_mask[0]=11111111011111111101111111111110, sa_flags=SA_RESTART|SA_SIGINFO
SIGFPE: [libjvm.so+0x84cf60], sa_mask[0]=11111111011111111101111111111110, sa_flags=SA_RESTART|SA_SIGINFO
SIGPIPE: [libjvm.so+0x84cf60], sa_mask[0]=11111111011111111101111111111110, sa_flags=SA_RESTART|SA_SIGINFO
SIGXFSZ: [libjvm.so+0x84cf60], sa_mask[0]=11111111011111111101111111111110, sa_flags=SA_RESTART|SA_SIGINFO
SIGILL: [libjvm.so+0x84cf60], sa_mask[0]=11111111011111111101111111111110, sa_flags=SA_RESTART|SA_SIGINFO
SIGUSR1: SIG_DFL, sa_mask[0]=00000000000000000000000000000000, sa_flags=none
SIGUSR2: [libjvm.so+0x84ce30], sa_mask[0]=00100000000000000000000000000000, sa_flags=SA_RESTART|SA_SIGINFO
SIGHUP: [libjvm.so+0x84d020], sa_mask[0]=11111111011111111101111111111110, sa_flags=SA_RESTART|SA_SIGINFO
SIGINT: [libjvm.so+0x84d020], sa_mask[0]=11111111011111111101111111111110, sa_flags=SA_RESTART|SA_SIGINFO
SIGTERM: [libjvm.so+0x84d020], sa_mask[0]=11111111011111111101111111111110, sa_flags=SA_RESTART|SA_SIGINFO
SIGQUIT: [libjvm.so+0x84d020], sa_mask[0]=11111111011111111101111111111110, sa_flags=SA_RESTART|SA_SIGINFO


---------------  S Y S T E M  ---------------

OS:DISTRIB_ID=Ubuntu
DISTRIB_RELEASE=16.04
DISTRIB_CODENAME=xenial
DISTRIB_DESCRIPTION="Ubuntu 16.04.3 LTS"

uname:Linux 4.4.0-31-generic #50-Ubuntu SMP Wed Jul 13 00:07:12 UTC 2016 x86_64
libc:glibc 2.23 NPTL 2.23 
rlimit: STACK 8192k, CORE 0k, NPROC 30956, NOFILE 1048576, AS infinity
load average:1.81 1.13 0.52

/proc/meminfo:
MemTotal:        8035192 kB
MemFree:         4178644 kB
MemAvailable:    5421240 kB
Buffers:          230844 kB
Cached:          1414168 kB
SwapCached:            0 kB
Active:          2690768 kB
Inactive:         876912 kB
Active(anon):    1924860 kB
Inactive(anon):   261448 kB
Active(file):     765908 kB
Inactive(file):   615464 kB
Unevictable:          64 kB
Mlocked:              64 kB
SwapTotal:      15625212 kB
SwapFree:       15625212 kB
Dirty:              3636 kB
Writeback:             0 kB
AnonPages:       1923408 kB
Mapped:           313352 kB
Shmem:            263244 kB
Slab:             195792 kB
SReclaimable:     161316 kB
SUnreclaim:        34476 kB
KernelStack:        8656 kB
PageTables:        32440 kB
NFS_Unstable:          0 kB
Bounce:                0 kB
WritebackTmp:          0 kB
CommitLimit:    19642808 kB
Committed_AS:    5589072 kB
VmallocTotal:   34359738367 kB
VmallocUsed:           0 kB
VmallocChunk:          0 kB
HardwareCorrupted:     0 kB
AnonHugePages:    632832 kB
CmaTotal:              0 kB
CmaFree:               0 kB
HugePages_Total:       0
HugePages_Free:        0
HugePages_Rsvd:        0
HugePages_Surp:        0
Hugepagesize:       2048 kB
DirectMap4k:      130312 kB
DirectMap2M:     2875392 kB
DirectMap1G:     6291456 kB


CPU:total 4 (initial active 4) (2 cores per cpu, 2 threads per core) family 6 model 60 stepping 3, cmov, cx8, fxsr, mmx, sse, sse2, sse3, ssse3, sse4.1, sse4.2, popcnt, avx, avx2, aes, clmul, erms, lzcnt, ht, tsc, tscinvbit, bmi1, bmi2

/proc/cpuinfo:
processor	: 0
vendor_id	: GenuineIntel
cpu family	: 6
model		: 60
model name	: Intel(R) Core(TM) i3-4130 CPU @ 3.40GHz
stepping	: 3
microcode	: 0x1e
cpu MHz		: 3400.000
cache size	: 3072 KB
physical id	: 0
siblings	: 4
core id		: 0
cpu cores	: 2
apicid		: 0
initial apicid	: 0
fpu		: yes
fpu_exception	: yes
cpuid level	: 13
wp		: yes
flags		: fpu vme de pse tsc msr pae mce cx8 apic sep mtrr pge mca cmov pat pse36 clflush dts acpi mmx fxsr sse sse2 ss ht tm pbe syscall nx pdpe1gb rdtscp lm constant_tsc arch_perfmon pebs bts rep_good nopl xtopology nonstop_tsc aperfmperf eagerfpu pni pclmulqdq dtes64 monitor ds_cpl vmx est tm2 ssse3 sdbg fma cx16 xtpr pdcm pcid sse4_1 sse4_2 movbe popcnt tsc_deadline_timer aes xsave avx f16c rdrand lahf_lm abm epb tpr_shadow vnmi flexpriority ept vpid fsgsbase tsc_adjust bmi1 avx2 smep bmi2 erms invpcid xsaveopt dtherm arat pln pts
bugs		:
bogomips	: 6784.30
clflush size	: 64
cache_alignment	: 64
address sizes	: 39 bits physical, 48 bits virtual
power management:

processor	: 1
vendor_id	: GenuineIntel
cpu family	: 6
model		: 60
model name	: Intel(R) Core(TM) i3-4130 CPU @ 3.40GHz
stepping	: 3
microcode	: 0x1e
cpu MHz		: 3400.000
cache size	: 3072 KB
physical id	: 0
siblings	: 4
core id		: 1
cpu cores	: 2
apicid		: 2
initial apicid	: 2
fpu		: yes
fpu_exception	: yes
cpuid level	: 13
wp		: yes
flags		: fpu vme de pse tsc msr pae mce cx8 apic sep mtrr pge mca cmov pat pse36 clflush dts acpi mmx fxsr sse sse2 ss ht tm pbe syscall nx pdpe1gb rdtscp lm constant_tsc arch_perfmon pebs bts rep_good nopl xtopology nonstop_tsc aperfmperf eagerfpu pni pclmulqdq dtes64 monitor ds_cpl vmx est tm2 ssse3 sdbg fma cx16 xtpr pdcm pcid sse4_1 sse4_2 movbe popcnt tsc_deadline_timer aes xsave avx f16c rdrand lahf_lm abm epb tpr_shadow vnmi flexpriority ept vpid fsgsbase tsc_adjust bmi1 avx2 smep bmi2 erms invpcid xsaveopt dtherm arat pln pts
bugs		:
bogomips	: 6784.30
clflush size	: 64
cache_alignment	: 64
address sizes	: 39 bits physical, 48 bits virtual
power management:

processor	: 2
vendor_id	: GenuineIntel
cpu family	: 6
model		: 60
model name	: Intel(R) Core(TM) i3-4130 CPU @ 3.40GHz
stepping	: 3
microcode	: 0x1e
cpu MHz		: 3400.000
cache size	: 3072 KB
physical id	: 0
siblings	: 4
core id		: 0
cpu cores	: 2
apicid		: 1
initial apicid	: 1
fpu		: yes
fpu_exception	: yes
cpuid level	: 13
wp		: yes
flags		: fpu vme de pse tsc msr pae mce cx8 apic sep mtrr pge mca cmov pat pse36 clflush dts acpi mmx fxsr sse sse2 ss ht tm pbe syscall nx pdpe1gb rdtscp lm constant_tsc arch_perfmon pebs bts rep_good nopl xtopology nonstop_tsc aperfmperf eagerfpu pni pclmulqdq dtes64 monitor ds_cpl vmx est tm2 ssse3 sdbg fma cx16 xtpr pdcm pcid sse4_1 sse4_2 movbe popcnt tsc_deadline_timer aes xsave avx f16c rdrand lahf_lm abm epb tpr_shadow vnmi flexpriority ept vpid fsgsbase tsc_adjust bmi1 avx2 smep bmi2 erms invpcid xsaveopt dtherm arat pln pts
bugs		:
bogomips	: 6784.30
clflush size	: 64
cache_alignment	: 64
address sizes	: 39 bits physical, 48 bits virtual
power management:

processor	: 3
vendor_id	: GenuineIntel
cpu family	: 6
model		: 60
model name	: Intel(R) Core(TM) i3-4130 CPU @ 3.40GHz
stepping	: 3
microcode	: 0x1e
cpu MHz		: 3400.000
cache size	: 3072 KB
physical id	: 0
siblings	: 4
core id		: 1
cpu cores	: 2
apicid		: 3
initial apicid	: 3
fpu		: yes
fpu_exception	: yes
cpuid level	: 13
wp		: yes
flags		: fpu vme de pse tsc msr pae mce cx8 apic sep mtrr pge mca cmov pat pse36 clflush dts acpi mmx fxsr sse sse2 ss ht tm pbe syscall nx pdpe1gb rdtscp lm constant_tsc arch_perfmon pebs bts rep_good nopl xtopology nonstop_tsc aperfmperf eagerfpu pni pclmulqdq dtes64 monitor ds_cpl vmx est tm2 ssse3 sdbg fma cx16 xtpr pdcm pcid sse4_1 sse4_2 movbe popcnt tsc_deadline_timer aes xsave avx f16c rdrand lahf_lm abm epb tpr_shadow vnmi flexpriority ept vpid fsgsbase tsc_adjust bmi1 avx2 smep bmi2 erms invpcid xsaveopt dtherm arat pln pts
bugs		:
bogomips	: 6784.30
clflush size	: 64
cache_alignment	: 64
address sizes	: 39 bits physical, 48 bits virtual
power management:



Memory: 4k page, physical 8035192k(4178644k free), swap 15625212k(15625212k free)

vm_info: OpenJDK 64-Bit Server VM (25.152-b01) for linux-amd64 JRE (1.8.0_152-release-915-b01), built by "builder" with gcc 4.8.4

time: Thu Feb 15 21:40:13 2018
elapsed time: 6 seconds (0d 0h 0m 6s)

